<!DOCTYPE html>

<html>
  <head>
  <meta charset='utf-8'>
  <title>TestNG reports</title>

    <link type="text/css" href="testng-reports1.css" rel="stylesheet" id="ultra" />
    <link type="text/css" href="testng-reports.css" rel="stylesheet" id="retro" disabled="false"/>
    <script type="text/javascript" src="jquery-3.6.0.min.js"></script>
    <script type="text/javascript" src="testng-reports.js"></script>
    <script type="text/javascript" src="https://www.google.com/jsapi"></script>
    <script type='text/javascript'>
      google.load('visualization', '1', {packages:['table']});
      google.setOnLoadCallback(drawTable);
      var suiteTableInitFunctions = new Array();
      var suiteTableData = new Array();
    </script>
    <!--
      <script type="text/javascript" src="jquery-ui/js/jquery-ui-1.8.16.custom.min.js"></script>
     -->
  </head>

  <body>    <div class="top-banner-root">
      <span class="top-banner-title-font">Test results</span>
      <button id="button" class="button">Switch Retro Theme</button> <!-- button -->
      <br/>
      <span class="top-banner-font-1">1 suite, 8 failed tests</span>
    </div> <!-- top-banner-root -->
    <div class="navigator-root">
      <div class="navigator-suite-header">
        <span>All suites</span>
        <a href="#" title="Collapse/expand all the suites" class="collapse-all-link">
          <img src="collapseall.gif" class="collapse-all-icon">
          </img> <!-- collapse-all-icon -->
        </a> <!-- collapse-all-link -->
      </div> <!-- navigator-suite-header -->
      <div class="suite">
        <div class="rounded-window">
          <div class="suite-header light-rounded-window-top">
            <a href="#" panel-name="suite-Default_suite" class="navigator-link">
              <span class="suite-name border-failed">Default suite</span>
            </a> <!-- navigator-link -->
          </div> <!-- suite-header light-rounded-window-top -->
          <div class="navigator-suite-content">
            <div class="suite-section-title">
              <span>Info</span>
            </div> <!-- suite-section-title -->
            <div class="suite-section-content">
              <ul>
                <li>
                  <a href="#" panel-name="test-xml-Default_suite" class="navigator-link ">
                    <span>C:\Users\ASUS\AppData\Local\Temp\testng-eclipse--1418474286\testng-customsuite.xml</span>
                  </a> <!-- navigator-link  -->
                </li>
                <li>
                  <a href="#" panel-name="testlist-Default_suite" class="navigator-link ">
                    <span class="test-stats">1 test</span>
                  </a> <!-- navigator-link  -->
                </li>
                <li>
                  <a href="#" panel-name="group-Default_suite" class="navigator-link ">
                    <span>1 group</span>
                  </a> <!-- navigator-link  -->
                </li>
                <li>
                  <a href="#" panel-name="times-Default_suite" class="navigator-link ">
                    <span>Times</span>
                  </a> <!-- navigator-link  -->
                </li>
                <li>
                  <a href="#" panel-name="reporter-Default_suite" class="navigator-link ">
                    <span>Reporter output</span>
                  </a> <!-- navigator-link  -->
                </li>
                <li>
                  <a href="#" panel-name="ignored-methods-Default_suite" class="navigator-link ">
                    <span>Ignored methods</span>
                  </a> <!-- navigator-link  -->
                </li>
                <li>
                  <a href="#" panel-name="chronological-Default_suite" class="navigator-link ">
                    <span>Chronological view</span>
                  </a> <!-- navigator-link  -->
                </li>
              </ul>
            </div> <!-- suite-section-content -->
            <div class="result-section">
              <div class="suite-section-title">
                <span>Results</span>
              </div> <!-- suite-section-title -->
              <div class="suite-section-content">
                <ul>
                  <li>
                    <span class="method-stats">12 methods, 8 failed,   4 passed</span>
                  </li>
                  <li>
                    <span class="method-list-title failed">Failed methods</span>
                    <span class="show-or-hide-methods failed">
                      <a href="#" panel-name="suite-Default_suite" class="hide-methods failed suite-Default_suite"> (hide)</a> <!-- hide-methods failed suite-Default_suite -->
                      <a href="#" panel-name="suite-Default_suite" class="show-methods failed suite-Default_suite"> (show)</a> <!-- show-methods failed suite-Default_suite -->
                    </span>
                    <div class="method-list-content failed suite-Default_suite">
                      <span>
                        <img src="failed.png" width="3%"/>
                        <a href="#" panel-name="suite-Default_suite" title="TestRunner.MyTestRunner" class="method navigator-link" hash-for-method="runScenario(&quot;Navigate to Community Based Student Education and Training page&quot;, &quot;West Florida AHEC Website Functi...)">runScenario("Navigate to Community Based Student Education and Training page", "West Florida AHEC Website Functi...)</a> <!-- method navigator-link -->
                      </span>
                      <br/>
                      <span>
                        <img src="failed.png" width="3%"/>
                        <a href="#" panel-name="suite-Default_suite" title="TestRunner.MyTestRunner" class="method navigator-link" hash-for-method="runScenario(&quot;Home page navigation to AHEC Scholars from home page section&quot;, &quot;West Florida AHEC Website Functiona...)">runScenario("Home page navigation to AHEC Scholars from home page section", "West Florida AHEC Website Functiona...)</a> <!-- method navigator-link -->
                      </span>
                      <br/>
                      <span>
                        <img src="failed.png" width="3%"/>
                        <a href="#" panel-name="suite-Default_suite" title="TestRunner.MyTestRunner" class="method navigator-link" hash-for-method="runScenario(&quot;Fill and submit AHEC Scholars Program form&quot;, &quot;West Florida AHEC Website Functionality&quot;)">runScenario("Fill and submit AHEC Scholars Program form", "West Florida AHEC Website Functionality")</a> <!-- method navigator-link -->
                      </span>
                      <br/>
                      <span>
                        <img src="failed.png" width="3%"/>
                        <a href="#" panel-name="suite-Default_suite" title="TestRunner.MyTestRunner" class="method navigator-link" hash-for-method="runScenario(&quot;Fill and submit Covering Florida Program form&quot;, &quot;West Florida AHEC Website Functionality&quot;)">runScenario("Fill and submit Covering Florida Program form", "West Florida AHEC Website Functionality")</a> <!-- method navigator-link -->
                      </span>
                      <br/>
                      <span>
                        <img src="failed.png" width="3%"/>
                        <a href="#" panel-name="suite-Default_suite" title="TestRunner.MyTestRunner" class="method navigator-link" hash-for-method="runScenario(&quot;My Account page access and registration attempt&quot;, &quot;West Florida AHEC Website Functionality&quot;)">runScenario("My Account page access and registration attempt", "West Florida AHEC Website Functionality")</a> <!-- method navigator-link -->
                      </span>
                      <br/>
                      <span>
                        <img src="failed.png" width="3%"/>
                        <a href="#" panel-name="suite-Default_suite" title="TestRunner.MyTestRunner" class="method navigator-link" hash-for-method="runScenario(&quot;Navigate to Continuing Education page&quot;, &quot;West Florida AHEC Website Functionality&quot;)">runScenario("Navigate to Continuing Education page", "West Florida AHEC Website Functionality")</a> <!-- method navigator-link -->
                      </span>
                      <br/>
                      <span>
                        <img src="failed.png" width="3%"/>
                        <a href="#" panel-name="suite-Default_suite" title="TestRunner.MyTestRunner" class="method navigator-link" hash-for-method="runScenario(&quot;Home page navigation to Health Insurance Navigation&quot;, &quot;West Florida AHEC Website Functionality&quot;)">runScenario("Home page navigation to Health Insurance Navigation", "West Florida AHEC Website Functionality")</a> <!-- method navigator-link -->
                      </span>
                      <br/>
                      <span>
                        <img src="failed.png" width="3%"/>
                        <a href="#" panel-name="suite-Default_suite" title="TestRunner.MyTestRunner" class="method navigator-link" hash-for-method="runScenario(&quot;Fill and submit Healthy Aging Program form&quot;, &quot;West Florida AHEC Website Functionality&quot;)">runScenario("Fill and submit Healthy Aging Program form", "West Florida AHEC Website Functionality")</a> <!-- method navigator-link -->
                      </span>
                      <br/>
                    </div> <!-- method-list-content failed suite-Default_suite -->
                  </li>
                  <li>
                    <span class="method-list-title passed">Passed methods</span>
                    <span class="show-or-hide-methods passed">
                      <a href="#" panel-name="suite-Default_suite" class="hide-methods passed suite-Default_suite"> (hide)</a> <!-- hide-methods passed suite-Default_suite -->
                      <a href="#" panel-name="suite-Default_suite" class="show-methods passed suite-Default_suite"> (show)</a> <!-- show-methods passed suite-Default_suite -->
                    </span>
                    <div class="method-list-content passed suite-Default_suite">
                      <span>
                        <img src="passed.png" width="3%"/>
                        <a href="#" panel-name="suite-Default_suite" title="TestRunner.MyTestRunner" class="method navigator-link" hash-for-method="runScenario(&quot;Navigate to and verify Tobacco Program page&quot;, &quot;West Florida AHEC Website Functionality&quot;)">runScenario("Navigate to and verify Tobacco Program page", "West Florida AHEC Website Functionality")</a> <!-- method navigator-link -->
                      </span>
                      <br/>
                      <span>
                        <img src="passed.png" width="3%"/>
                        <a href="#" panel-name="suite-Default_suite" title="TestRunner.MyTestRunner" class="method navigator-link" hash-for-method="runScenario(&quot;Search functionality and navigation back&quot;, &quot;West Florida AHEC Website Functionality&quot;)">runScenario("Search functionality and navigation back", "West Florida AHEC Website Functionality")</a> <!-- method navigator-link -->
                      </span>
                      <br/>
                      <span>
                        <img src="passed.png" width="3%"/>
                        <a href="#" panel-name="suite-Default_suite" title="TestRunner.MyTestRunner" class="method navigator-link" hash-for-method="runScenario(&quot;Verify website title and basic navigation&quot;, &quot;West Florida AHEC Website Functionality&quot;)">runScenario("Verify website title and basic navigation", "West Florida AHEC Website Functionality")</a> <!-- method navigator-link -->
                      </span>
                      <br/>
                      <span>
                        <img src="passed.png" width="3%"/>
                        <a href="#" panel-name="suite-Default_suite" title="TestRunner.MyTestRunner" class="method navigator-link" hash-for-method="runScenario(&quot;Search functionality and navigation back&quot;, &quot;West Florida AHEC Website Functionality&quot;)">runScenario("Search functionality and navigation back", "West Florida AHEC Website Functionality")</a> <!-- method navigator-link -->
                      </span>
                      <br/>
                    </div> <!-- method-list-content passed suite-Default_suite -->
                  </li>
                </ul>
              </div> <!-- suite-section-content -->
            </div> <!-- result-section -->
          </div> <!-- navigator-suite-content -->
        </div> <!-- rounded-window -->
      </div> <!-- suite -->
    </div> <!-- navigator-root -->
    <div class="wrapper">
      <div class="main-panel-root">
        <div panel-name="suite-Default_suite" class="panel Default_suite">
          <div class="suite-Default_suite-class-failed">
            <div class="main-panel-header rounded-window-top">
              <img src="failed.png"/>
              <span class="class-name">TestRunner.MyTestRunner</span>
            </div> <!-- main-panel-header rounded-window-top -->
            <div class="main-panel-content rounded-window-bottom">
              <div class="method">
                <div class="method-content">
                  <a name="runScenario(&quot;Navigate to Community Based Student Education and Training page&quot;, &quot;West Florida AHEC Website Functi...)">
                  </a> <!-- runScenario("Navigate to Community Based Student Education and Training page", "West Florida AHEC Website Functi...) -->
                  <span class="method-name">runScenario</span>
                  <span class="parameters">("Navigate to Community Based Student Education and Training page","West Florida AHEC Website Functionality")</span>
                  <div class="stack-trace">io.cucumber.testng.UndefinedStepException: The step &apos;the user hovers over Services menu&apos; and 1 other step(s) are undefined.
You can implement these steps using the snippet(s) below:

@When(&quot;the user hovers over Services menu&quot;)
public void the_user_hovers_over_services_menu() {
    // Write code here that turns the phrase above into concrete actions
    throw new io.cucumber.java.PendingException();
}
@When(&quot;clicks on {string}&quot;)
public void clicks_on(String string) {
    // Write code here that turns the phrase above into concrete actions
    throw new io.cucumber.java.PendingException();
}

	at ✽.the user hovers over Services menu(file:///E:/Wipro%20Java%20Codes/Java1/Java-SDET-JULY-18/BDD-selenium/src/test/resource/features/westfloridaahec.feature:86)

</div> <!-- stack-trace -->
                  <em>
(Runs Cucumber Scenarios)                  </em>
                </div> <!-- method-content -->
              </div> <!-- method -->
              <div class="method">
                <div class="method-content">
                  <a name="runScenario(&quot;Home page navigation to AHEC Scholars from home page section&quot;, &quot;West Florida AHEC Website Functiona...)">
                  </a> <!-- runScenario("Home page navigation to AHEC Scholars from home page section", "West Florida AHEC Website Functiona...) -->
                  <span class="method-name">runScenario</span>
                  <span class="parameters">("Home page navigation to AHEC Scholars from home page section","West Florida AHEC Website Functionality")</span>
                  <div class="stack-trace">org.openqa.selenium.ElementClickInterceptedException: element click intercepted: Element &lt;div style=&quot;--awb-backgroundcolor:rgba(255,255,255,0);--awb-iconcolor:#224e86;&quot; class=&quot;fusion-column content-box-column content-box-column content-box-column-4 col-lg-3 col-md-3 col-sm-3 fusion-content-box-hover content-box-column-last content-box-column-last-in-row&quot;&gt;...&lt;/div&gt; is not clickable at point (1413, 18). Other element would receive the click: &lt;input type=&quot;search&quot; value=&quot;&quot; name=&quot;s&quot; class=&quot;s&quot; placeholder=&quot;Search...&quot; required=&quot;&quot; aria-required=&quot;true&quot; aria-label=&quot;Search...&quot;&gt;
  (Session info: chrome=139.0.7258.157)
Build info: version: &apos;4.25.0&apos;, revision: &apos;8a8aea2337&apos;
System info: os.name: &apos;Windows 11&apos;, os.arch: &apos;amd64&apos;, os.version: &apos;10.0&apos;, java.version: &apos;21.0.7&apos;
Driver info: org.openqa.selenium.chrome.ChromeDriver
Command: [2ece743f75e93c01faf33130f9351c55, clickElement {id=f.2BA64B99992AD8505B61A47C5F1EFD47.d.6CCBB269A5849F06BB68EB98CF86AD7A.e.65}]
Capabilities {acceptInsecureCerts: false, browserName: chrome, browserVersion: 139.0.7258.157, chrome: {chromedriverVersion: 139.0.7258.154 (9e0d6b2b47f..., userDataDir: C:\Users\ASUS\AppData\Local...}, fedcm:accounts: true, goog:chromeOptions: {debuggerAddress: localhost:52507}, networkConnectionEnabled: false, pageLoadStrategy: normal, platformName: windows, proxy: Proxy(), se:cdp: ws://localhost:52507/devtoo..., se:cdpVersion: 139.0.7258.157, setWindowRect: true, strictFileInteractability: false, timeouts: {implicit: 0, pageLoad: 300000, script: 30000}, unhandledPromptBehavior: dismiss and notify, webauthn:extension:credBlob: true, webauthn:extension:largeBlob: true, webauthn:extension:minPinLength: true, webauthn:extension:prf: true, webauthn:virtualAuthenticators: true}
Element: [[ChromeDriver: chrome on windows (2ece743f75e93c01faf33130f9351c55)] -&gt; xpath: //*[normalize-space()=&apos;AHEC SCHOLARS&apos;]]
Session ID: 2ece743f75e93c01faf33130f9351c55
	at java.base/jdk.internal.reflect.DirectConstructorHandleAccessor.newInstance(DirectConstructorHandleAccessor.java:62)
	at java.base/java.lang.reflect.Constructor.newInstanceWithCaller(Constructor.java:502)
	at java.base/java.lang.reflect.Constructor.newInstance(Constructor.java:486)
	at org.openqa.selenium.remote.ErrorCodec.decode(ErrorCodec.java:167)
	at org.openqa.selenium.remote.codec.w3c.W3CHttpResponseCodec.decode(W3CHttpResponseCodec.java:138)
	at org.openqa.selenium.remote.codec.w3c.W3CHttpResponseCodec.decode(W3CHttpResponseCodec.java:50)
	at org.openqa.selenium.remote.HttpCommandExecutor.execute(HttpCommandExecutor.java:190)
	at org.openqa.selenium.remote.service.DriverCommandExecutor.invokeExecute(DriverCommandExecutor.java:216)
	at org.openqa.selenium.remote.service.DriverCommandExecutor.execute(DriverCommandExecutor.java:174)
	at org.openqa.selenium.remote.RemoteWebDriver.execute(RemoteWebDriver.java:545)
	at org.openqa.selenium.remote.RemoteWebElement.execute(RemoteWebElement.java:223)
	at org.openqa.selenium.remote.RemoteWebElement.click(RemoteWebElement.java:76)
	at pages.HomePage.clickElementByText(HomePage.java:116)
	at StepDefinitions.HomePageNavigationStepDefinitions.the_user_clicks_on_ahec_scholars_from_the_home_page(HomePageNavigationStepDefinitions.java:29)
	at ✽.the user clicks on AHEC Scholars from the home page(file:///E:/Wipro%20Java%20Codes/Java1/Java-SDET-JULY-18/BDD-selenium/src/test/resource/features/westfloridaahec.feature:38)

</div> <!-- stack-trace -->
                  <em>
(Runs Cucumber Scenarios)                  </em>
                </div> <!-- method-content -->
              </div> <!-- method -->
              <div class="method">
                <div class="method-content">
                  <a name="runScenario(&quot;Fill and submit AHEC Scholars Program form&quot;, &quot;West Florida AHEC Website Functionality&quot;)">
                  </a> <!-- runScenario("Fill and submit AHEC Scholars Program form", "West Florida AHEC Website Functionality") -->
                  <span class="method-name">runScenario</span>
                  <span class="parameters">("Fill and submit AHEC Scholars Program form","West Florida AHEC Website Functionality")</span>
                  <div class="stack-trace">org.openqa.selenium.InvalidArgumentException: invalid argument: File not found : /path/to/dummy.pdf
  (Session info: chrome=139.0.7258.157)
Build info: version: &apos;4.25.0&apos;, revision: &apos;8a8aea2337&apos;
System info: os.name: &apos;Windows 11&apos;, os.arch: &apos;amd64&apos;, os.version: &apos;10.0&apos;, java.version: &apos;21.0.7&apos;
Driver info: org.openqa.selenium.chrome.ChromeDriver
Command: [6c0fc3a0e898843b4e93a336ee591125, sendKeysToElement {value=[Ljava.lang.CharSequence;@22865072, id=f.698FF23FA615B38B53004CF5AF8B38E4.d.60FEF7EF917D4EE57C5DCDEFEE118F3B.e.41}]
Capabilities {acceptInsecureCerts: false, browserName: chrome, browserVersion: 139.0.7258.157, chrome: {chromedriverVersion: 139.0.7258.154 (9e0d6b2b47f..., userDataDir: C:\Users\ASUS\AppData\Local...}, fedcm:accounts: true, goog:chromeOptions: {debuggerAddress: localhost:60215}, networkConnectionEnabled: false, pageLoadStrategy: normal, platformName: windows, proxy: Proxy(), se:cdp: ws://localhost:60215/devtoo..., se:cdpVersion: 139.0.7258.157, setWindowRect: true, strictFileInteractability: false, timeouts: {implicit: 0, pageLoad: 300000, script: 30000}, unhandledPromptBehavior: dismiss and notify, webauthn:extension:credBlob: true, webauthn:extension:largeBlob: true, webauthn:extension:minPinLength: true, webauthn:extension:prf: true, webauthn:virtualAuthenticators: true}
Element: [[ChromeDriver: chrome on windows (6c0fc3a0e898843b4e93a336ee591125)] -&gt; xpath: //input[@type=&apos;file&apos;]]
Session ID: 6c0fc3a0e898843b4e93a336ee591125
	at java.base/jdk.internal.reflect.DirectConstructorHandleAccessor.newInstance(DirectConstructorHandleAccessor.java:62)
	at java.base/java.lang.reflect.Constructor.newInstanceWithCaller(Constructor.java:502)
	at java.base/java.lang.reflect.Constructor.newInstance(Constructor.java:486)
	at org.openqa.selenium.remote.ErrorCodec.decode(ErrorCodec.java:167)
	at org.openqa.selenium.remote.codec.w3c.W3CHttpResponseCodec.decode(W3CHttpResponseCodec.java:138)
	at org.openqa.selenium.remote.codec.w3c.W3CHttpResponseCodec.decode(W3CHttpResponseCodec.java:50)
	at org.openqa.selenium.remote.HttpCommandExecutor.execute(HttpCommandExecutor.java:190)
	at org.openqa.selenium.remote.service.DriverCommandExecutor.invokeExecute(DriverCommandExecutor.java:216)
	at org.openqa.selenium.remote.service.DriverCommandExecutor.execute(DriverCommandExecutor.java:174)
	at org.openqa.selenium.remote.RemoteWebDriver.execute(RemoteWebDriver.java:545)
	at org.openqa.selenium.remote.RemoteWebElement.execute(RemoteWebElement.java:223)
	at org.openqa.selenium.remote.RemoteWebElement.sendKeys(RemoteWebElement.java:110)
	at pages.AHECScholarsProgramPage.fillApplicationForm(AHECScholarsProgramPage.java:107)
	at StepDefinitions.AHECScholarsProgramStepDefinitions.the_user_fills_the_ahec_scholars_application_form_with_details(AHECScholarsProgramStepDefinitions.java:30)
	at ✽.the user fills the AHEC Scholars application form with details: &quot;Jane&quot;, &quot;Doe&quot;, &quot;01/01/2000&quot;, &quot;123 Main St&quot;, &quot;Anytown&quot;, &quot;12345&quot;, &quot;123 Main St&quot;, &quot;Anytown&quot;, &quot;12345&quot;, &quot;0987654321&quot;, &quot;jane.doe@example.com&quot;, &quot;12/31/2025&quot;, &quot;Dean&apos;s List&quot;, &quot;Online Search&quot;, &quot;My essay content&quot;, &quot;/path/to/dummy.pdf&quot;(file:///E:/Wipro%20Java%20Codes/Java1/Java-SDET-JULY-18/BDD-selenium/src/test/resource/features/westfloridaahec.feature:70)

</div> <!-- stack-trace -->
                  <em>
(Runs Cucumber Scenarios)                  </em>
                </div> <!-- method-content -->
              </div> <!-- method -->
              <div class="method">
                <div class="method-content">
                  <a name="runScenario(&quot;Fill and submit Covering Florida Program form&quot;, &quot;West Florida AHEC Website Functionality&quot;)">
                  </a> <!-- runScenario("Fill and submit Covering Florida Program form", "West Florida AHEC Website Functionality") -->
                  <span class="method-name">runScenario</span>
                  <span class="parameters">("Fill and submit Covering Florida Program form","West Florida AHEC Website Functionality")</span>
                  <div class="stack-trace">org.openqa.selenium.TimeoutException: Expected condition failed: waiting for title to contain &quot;Covering Florida&quot;. Current title: &quot;Navigators - West Florida Area Health Education Center, Inc&quot; (tried for 10 second(s) with 500 milliseconds interval)
Build info: version: &apos;4.25.0&apos;, revision: &apos;8a8aea2337&apos;
System info: os.name: &apos;Windows 11&apos;, os.arch: &apos;amd64&apos;, os.version: &apos;10.0&apos;, java.version: &apos;21.0.7&apos;
Driver info: org.openqa.selenium.chrome.ChromeDriver
Capabilities {acceptInsecureCerts: false, browserName: chrome, browserVersion: 139.0.7258.157, chrome: {chromedriverVersion: 139.0.7258.154 (9e0d6b2b47f..., userDataDir: C:\Users\ASUS\AppData\Local...}, fedcm:accounts: true, goog:chromeOptions: {debuggerAddress: localhost:60271}, networkConnectionEnabled: false, pageLoadStrategy: normal, platformName: windows, proxy: Proxy(), se:cdp: ws://localhost:60271/devtoo..., se:cdpVersion: 139.0.7258.157, setWindowRect: true, strictFileInteractability: false, timeouts: {implicit: 0, pageLoad: 300000, script: 30000}, unhandledPromptBehavior: dismiss and notify, webauthn:extension:credBlob: true, webauthn:extension:largeBlob: true, webauthn:extension:minPinLength: true, webauthn:extension:prf: true, webauthn:virtualAuthenticators: true}
Session ID: de8bf5d4c4a8941941fc8e9f5c7c6861
	at org.openqa.selenium.support.ui.WebDriverWait.timeoutException(WebDriverWait.java:84)
	at org.openqa.selenium.support.ui.FluentWait.until(FluentWait.java:228)
	at pages.HomePage.clickCoveringFlorida(HomePage.java:95)
	at StepDefinitions.CoveringFloridaProgramStepDefinitions.the_user_clicks_on_covering_florida_program(CoveringFloridaProgramStepDefinitions.java:20)
	at ✽.the user clicks on Covering Florida program(file:///E:/Wipro%20Java%20Codes/Java1/Java-SDET-JULY-18/BDD-selenium/src/test/resource/features/westfloridaahec.feature:78)

</div> <!-- stack-trace -->
                  <em>
(Runs Cucumber Scenarios)                  </em>
                </div> <!-- method-content -->
              </div> <!-- method -->
              <div class="method">
                <div class="method-content">
                  <a name="runScenario(&quot;My Account page access and registration attempt&quot;, &quot;West Florida AHEC Website Functionality&quot;)">
                  </a> <!-- runScenario("My Account page access and registration attempt", "West Florida AHEC Website Functionality") -->
                  <span class="method-name">runScenario</span>
                  <span class="parameters">("My Account page access and registration attempt","West Florida AHEC Website Functionality")</span>
                  <div class="stack-trace">org.openqa.selenium.TimeoutException: Expected condition failed: waiting for element to be clickable: By.name: register (tried for 10 second(s) with 500 milliseconds interval)
Build info: version: &apos;4.25.0&apos;, revision: &apos;8a8aea2337&apos;
System info: os.name: &apos;Windows 11&apos;, os.arch: &apos;amd64&apos;, os.version: &apos;10.0&apos;, java.version: &apos;21.0.7&apos;
Driver info: org.openqa.selenium.chrome.ChromeDriver
Capabilities {acceptInsecureCerts: false, browserName: chrome, browserVersion: 139.0.7258.157, chrome: {chromedriverVersion: 139.0.7258.154 (9e0d6b2b47f..., userDataDir: C:\Users\ASUS\AppData\Local...}, fedcm:accounts: true, goog:chromeOptions: {debuggerAddress: localhost:61757}, networkConnectionEnabled: false, pageLoadStrategy: normal, platformName: windows, proxy: Proxy(), se:cdp: ws://localhost:61757/devtoo..., se:cdpVersion: 139.0.7258.157, setWindowRect: true, strictFileInteractability: false, timeouts: {implicit: 0, pageLoad: 300000, script: 30000}, unhandledPromptBehavior: dismiss and notify, webauthn:extension:credBlob: true, webauthn:extension:largeBlob: true, webauthn:extension:minPinLength: true, webauthn:extension:prf: true, webauthn:virtualAuthenticators: true}
Session ID: d097946cc9a273e6e726cf66dde3c759
	at org.openqa.selenium.support.ui.WebDriverWait.timeoutException(WebDriverWait.java:84)
	at org.openqa.selenium.support.ui.FluentWait.until(FluentWait.java:228)
	at pages.MyAccountPage.clickRegister(MyAccountPage.java:41)
	at StepDefinitions.MyAccountStepDefinitions.the_user_registers_with_username_email_and_password(MyAccountStepDefinitions.java:40)
	at ✽.the user registers with username &quot;TestUser&quot;, email &quot;test@example.com&quot;, and password &quot;Test@123&quot;(file:///E:/Wipro%20Java%20Codes/Java1/Java-SDET-JULY-18/BDD-selenium/src/test/resource/features/westfloridaahec.feature:25)

</div> <!-- stack-trace -->
                  <em>
(Runs Cucumber Scenarios)                  </em>
                </div> <!-- method-content -->
              </div> <!-- method -->
              <div class="method">
                <div class="method-content">
                  <a name="runScenario(&quot;Navigate to Continuing Education page&quot;, &quot;West Florida AHEC Website Functionality&quot;)">
                  </a> <!-- runScenario("Navigate to Continuing Education page", "West Florida AHEC Website Functionality") -->
                  <span class="method-name">runScenario</span>
                  <span class="parameters">("Navigate to Continuing Education page","West Florida AHEC Website Functionality")</span>
                  <div class="stack-trace">io.cucumber.testng.UndefinedStepException: The step &apos;the user hovers over Services menu&apos; and 1 other step(s) are undefined.
You can implement these steps using the snippet(s) below:

@When(&quot;the user hovers over Services menu&quot;)
public void the_user_hovers_over_services_menu() {
    // Write code here that turns the phrase above into concrete actions
    throw new io.cucumber.java.PendingException();
}
@When(&quot;clicks on {string}&quot;)
public void clicks_on(String string) {
    // Write code here that turns the phrase above into concrete actions
    throw new io.cucumber.java.PendingException();
}

	at ✽.the user hovers over Services menu(file:///E:/Wipro%20Java%20Codes/Java1/Java-SDET-JULY-18/BDD-selenium/src/test/resource/features/westfloridaahec.feature:94)

</div> <!-- stack-trace -->
                  <em>
(Runs Cucumber Scenarios)                  </em>
                </div> <!-- method-content -->
              </div> <!-- method -->
              <div class="method">
                <div class="method-content">
                  <a name="runScenario(&quot;Home page navigation to Health Insurance Navigation&quot;, &quot;West Florida AHEC Website Functionality&quot;)">
                  </a> <!-- runScenario("Home page navigation to Health Insurance Navigation", "West Florida AHEC Website Functionality") -->
                  <span class="method-name">runScenario</span>
                  <span class="parameters">("Home page navigation to Health Insurance Navigation","West Florida AHEC Website Functionality")</span>
                  <div class="stack-trace">java.lang.AssertionError: Health Insurance Navigation page not displayed. expected [true] but found [false]
	at org.testng.Assert.fail(Assert.java:111)
	at org.testng.Assert.failNotEquals(Assert.java:1578)
	at org.testng.Assert.assertTrue(Assert.java:57)
	at StepDefinitions.HomePageNavigationStepDefinitions.the_health_insurance_navigation_page_should_be_displayed(HomePageNavigationStepDefinitions.java:22)
	at ✽.the Health Insurance Navigation page should be displayed(file:///E:/Wipro%20Java%20Codes/Java1/Java-SDET-JULY-18/BDD-selenium/src/test/resource/features/westfloridaahec.feature:32)

</div> <!-- stack-trace -->
                  <em>
(Runs Cucumber Scenarios)                  </em>
                </div> <!-- method-content -->
              </div> <!-- method -->
              <div class="method">
                <div class="method-content">
                  <a name="runScenario(&quot;Fill and submit Healthy Aging Program form&quot;, &quot;West Florida AHEC Website Functionality&quot;)">
                  </a> <!-- runScenario("Fill and submit Healthy Aging Program form", "West Florida AHEC Website Functionality") -->
                  <span class="method-name">runScenario</span>
                  <span class="parameters">("Fill and submit Healthy Aging Program form","West Florida AHEC Website Functionality")</span>
                  <div class="stack-trace">org.openqa.selenium.ElementClickInterceptedException: element click intercepted: Element &lt;span class=&quot;el-checkbox__label&quot;&gt;...&lt;/span&gt; is not clickable at point (425, 9). Other element would receive the click: &lt;img src=&quot;https://westfloridaahec.org/wp-content/uploads/2020/06/logo.png&quot; srcset=&quot;https://westfloridaahec.org/wp-content/uploads/2020/06/logo.png 1x&quot; width=&quot;247&quot; height=&quot;96&quot; alt=&quot;West Florida Area Health Education Center, Inc Logo&quot; data-retina_logo_url=&quot;&quot; class=&quot;fusion-standard-logo&quot;&gt;
  (Session info: chrome=139.0.7258.157)
Build info: version: &apos;4.25.0&apos;, revision: &apos;8a8aea2337&apos;
System info: os.name: &apos;Windows 11&apos;, os.arch: &apos;amd64&apos;, os.version: &apos;10.0&apos;, java.version: &apos;21.0.7&apos;
Driver info: org.openqa.selenium.chrome.ChromeDriver
Command: [8bbbe6d4265ea6ae73e0ab69b6854686, clickElement {id=f.092702D33C97D7B1000E2D514225F8E0.d.24D0FD7A348890FBA23DC6C96F27D652.e.181}]
Capabilities {acceptInsecureCerts: false, browserName: chrome, browserVersion: 139.0.7258.157, chrome: {chromedriverVersion: 139.0.7258.154 (9e0d6b2b47f..., userDataDir: C:\Users\ASUS\AppData\Local...}, fedcm:accounts: true, goog:chromeOptions: {debuggerAddress: localhost:52497}, networkConnectionEnabled: false, pageLoadStrategy: normal, platformName: windows, proxy: Proxy(), se:cdp: ws://localhost:52497/devtoo..., se:cdpVersion: 139.0.7258.157, setWindowRect: true, strictFileInteractability: false, timeouts: {implicit: 0, pageLoad: 300000, script: 30000}, unhandledPromptBehavior: dismiss and notify, webauthn:extension:credBlob: true, webauthn:extension:largeBlob: true, webauthn:extension:minPinLength: true, webauthn:extension:prf: true, webauthn:virtualAuthenticators: true}
Element: [[ChromeDriver: chrome on windows (8bbbe6d4265ea6ae73e0ab69b6854686)] -&gt; xpath: //span[normalize-space()=&apos;Tai Chi for Arthritis&apos;]]
Session ID: 8bbbe6d4265ea6ae73e0ab69b6854686
	at java.base/jdk.internal.reflect.DirectConstructorHandleAccessor.newInstance(DirectConstructorHandleAccessor.java:62)
	at java.base/java.lang.reflect.Constructor.newInstanceWithCaller(Constructor.java:502)
	at java.base/java.lang.reflect.Constructor.newInstance(Constructor.java:486)
	at org.openqa.selenium.remote.ErrorCodec.decode(ErrorCodec.java:167)
	at org.openqa.selenium.remote.codec.w3c.W3CHttpResponseCodec.decode(W3CHttpResponseCodec.java:138)
	at org.openqa.selenium.remote.codec.w3c.W3CHttpResponseCodec.decode(W3CHttpResponseCodec.java:50)
	at org.openqa.selenium.remote.HttpCommandExecutor.execute(HttpCommandExecutor.java:190)
	at org.openqa.selenium.remote.service.DriverCommandExecutor.invokeExecute(DriverCommandExecutor.java:216)
	at org.openqa.selenium.remote.service.DriverCommandExecutor.execute(DriverCommandExecutor.java:174)
	at org.openqa.selenium.remote.RemoteWebDriver.execute(RemoteWebDriver.java:545)
	at org.openqa.selenium.remote.RemoteWebElement.execute(RemoteWebElement.java:223)
	at org.openqa.selenium.remote.RemoteWebElement.click(RemoteWebElement.java:76)
	at pages.HealthyAgingProgramPage.fillForm(HealthyAgingProgramPage.java:49)
	at StepDefinitions.HealthyAgingProgramStepDefinitions.the_user_fills_the_healthy_aging_form_with_details(HealthyAgingProgramStepDefinitions.java:31)
	at ✽.the user fills the Healthy Aging form with details: &quot;John&quot;, &quot;Doe&quot;, &quot;1234567890&quot;, &quot;john.doe@example.com&quot;, &quot;Engineer&quot;, &quot;This is a test comment.&quot;(file:///E:/Wipro%20Java%20Codes/Java1/Java-SDET-JULY-18/BDD-selenium/src/test/resource/features/westfloridaahec.feature:58)

</div> <!-- stack-trace -->
                  <em>
(Runs Cucumber Scenarios)                  </em>
                </div> <!-- method-content -->
              </div> <!-- method -->
            </div> <!-- main-panel-content rounded-window-bottom -->
          </div> <!-- suite-Default_suite-class-failed -->
          <div class="suite-Default_suite-class-passed">
            <div class="main-panel-header rounded-window-top">
              <img src="passed.png"/>
              <span class="class-name">TestRunner.MyTestRunner</span>
            </div> <!-- main-panel-header rounded-window-top -->
            <div class="main-panel-content rounded-window-bottom">
              <div class="method">
                <div class="method-content">
                  <a name="runScenario(&quot;Navigate to and verify Tobacco Program page&quot;, &quot;West Florida AHEC Website Functionality&quot;)">
                  </a> <!-- runScenario("Navigate to and verify Tobacco Program page", "West Florida AHEC Website Functionality") -->
                  <span class="method-name">runScenario</span>
                  <span class="parameters">("Navigate to and verify Tobacco Program page","West Florida AHEC Website Functionality")</span>
                  <em>
(Runs Cucumber Scenarios)                  </em>
                </div> <!-- method-content -->
              </div> <!-- method -->
              <div class="method">
                <div class="method-content">
                  <a name="runScenario(&quot;Search functionality and navigation back&quot;, &quot;West Florida AHEC Website Functionality&quot;)">
                  </a> <!-- runScenario("Search functionality and navigation back", "West Florida AHEC Website Functionality") -->
                  <span class="method-name">runScenario</span>
                  <span class="parameters">("Search functionality and navigation back","West Florida AHEC Website Functionality")</span>
                  <em>
(Runs Cucumber Scenarios)                  </em>
                </div> <!-- method-content -->
              </div> <!-- method -->
              <div class="method">
                <div class="method-content">
                  <a name="runScenario(&quot;Verify website title and basic navigation&quot;, &quot;West Florida AHEC Website Functionality&quot;)">
                  </a> <!-- runScenario("Verify website title and basic navigation", "West Florida AHEC Website Functionality") -->
                  <span class="method-name">runScenario</span>
                  <span class="parameters">("Verify website title and basic navigation","West Florida AHEC Website Functionality")</span>
                  <em>
(Runs Cucumber Scenarios)                  </em>
                </div> <!-- method-content -->
              </div> <!-- method -->
              <div class="method">
                <div class="method-content">
                  <a name="runScenario(&quot;Search functionality and navigation back&quot;, &quot;West Florida AHEC Website Functionality&quot;)">
                  </a> <!-- runScenario("Search functionality and navigation back", "West Florida AHEC Website Functionality") -->
                  <span class="method-name">runScenario</span>
                  <span class="parameters">("Search functionality and navigation back","West Florida AHEC Website Functionality")</span>
                  <em>
(Runs Cucumber Scenarios)                  </em>
                </div> <!-- method-content -->
              </div> <!-- method -->
            </div> <!-- main-panel-content rounded-window-bottom -->
          </div> <!-- suite-Default_suite-class-passed -->
        </div> <!-- panel Default_suite -->
        <div panel-name="test-xml-Default_suite" class="panel">
          <div class="main-panel-header rounded-window-top">
            <span class="header-content">C:\Users\ASUS\AppData\Local\Temp\testng-eclipse--1418474286\testng-customsuite.xml</span>
          </div> <!-- main-panel-header rounded-window-top -->
          <div class="main-panel-content rounded-window-bottom">
            <pre>
&lt;?xml version=&quot;1.0&quot; encoding=&quot;UTF-8&quot;?&gt;
&lt;!DOCTYPE suite SYSTEM &quot;https://testng.org/testng-1.0.dtd&quot;&gt;
&lt;suite name=&quot;Default suite&quot; guice-stage=&quot;DEVELOPMENT&quot;&gt;
  &lt;test thread-count=&quot;5&quot; name=&quot;Default test&quot; verbose=&quot;2&quot;&gt;
    &lt;classes&gt;
      &lt;class name=&quot;TestRunner.MyTestRunner&quot;/&gt;
    &lt;/classes&gt;
  &lt;/test&gt; &lt;!-- Default test --&gt;
&lt;/suite&gt; &lt;!-- Default suite --&gt;
            </pre>
          </div> <!-- main-panel-content rounded-window-bottom -->
        </div> <!-- panel -->
        <div panel-name="testlist-Default_suite" class="panel">
          <div class="main-panel-header rounded-window-top">
            <span class="header-content">Tests for Default suite</span>
          </div> <!-- main-panel-header rounded-window-top -->
          <div class="main-panel-content rounded-window-bottom">
            <ul>
              <li>
                <span class="test-name">Default test (1 class)</span>
              </li>
            </ul>
          </div> <!-- main-panel-content rounded-window-bottom -->
        </div> <!-- panel -->
        <div panel-name="group-Default_suite" class="panel">
          <div class="main-panel-header rounded-window-top">
            <span class="header-content">Groups for Default suite</span>
          </div> <!-- main-panel-header rounded-window-top -->
          <div class="main-panel-content rounded-window-bottom">
            <div class="test-group">
              <span class="test-group-name">cucumber</span>
              <br/>
              <div class="method-in-group">
                <span class="method-in-group-name">runScenario</span>
                <br/>
              </div> <!-- method-in-group -->
            </div> <!-- test-group -->
          </div> <!-- main-panel-content rounded-window-bottom -->
        </div> <!-- panel -->
        <div panel-name="times-Default_suite" class="panel">
          <div class="main-panel-header rounded-window-top">
            <span class="header-content">Times for Default suite</span>
          </div> <!-- main-panel-header rounded-window-top -->
          <div class="main-panel-content rounded-window-bottom">
            <div class="times-div">
              <script type="text/javascript">
suiteTableInitFunctions.push('tableData_Default_suite');
function tableData_Default_suite() {
var data = new google.visualization.DataTable();
data.addColumn('number', 'Number');
data.addColumn('string', 'Method');
data.addColumn('string', 'Class');
data.addColumn('number', 'Time (ms)');
data.addRows(12);
data.setCell(0, 0, 0)
data.setCell(0, 1, 'runScenario')
data.setCell(0, 2, 'TestRunner.MyTestRunner')
data.setCell(0, 3, 31163);
data.setCell(1, 0, 1)
data.setCell(1, 1, 'runScenario')
data.setCell(1, 2, 'TestRunner.MyTestRunner')
data.setCell(1, 3, 18335);
data.setCell(2, 0, 2)
data.setCell(2, 1, 'runScenario')
data.setCell(2, 2, 'TestRunner.MyTestRunner')
data.setCell(2, 3, 15816);
data.setCell(3, 0, 3)
data.setCell(3, 1, 'runScenario')
data.setCell(3, 2, 'TestRunner.MyTestRunner')
data.setCell(3, 3, 13944);
data.setCell(4, 0, 4)
data.setCell(4, 1, 'runScenario')
data.setCell(4, 2, 'TestRunner.MyTestRunner')
data.setCell(4, 3, 13640);
data.setCell(5, 0, 5)
data.setCell(5, 1, 'runScenario')
data.setCell(5, 2, 'TestRunner.MyTestRunner')
data.setCell(5, 3, 7628);
data.setCell(6, 0, 6)
data.setCell(6, 1, 'runScenario')
data.setCell(6, 2, 'TestRunner.MyTestRunner')
data.setCell(6, 3, 7178);
data.setCell(7, 0, 7)
data.setCell(7, 1, 'runScenario')
data.setCell(7, 2, 'TestRunner.MyTestRunner')
data.setCell(7, 3, 5849);
data.setCell(8, 0, 8)
data.setCell(8, 1, 'runScenario')
data.setCell(8, 2, 'TestRunner.MyTestRunner')
data.setCell(8, 3, 5399);
data.setCell(9, 0, 9)
data.setCell(9, 1, 'runScenario')
data.setCell(9, 2, 'TestRunner.MyTestRunner')
data.setCell(9, 3, 5396);
data.setCell(10, 0, 10)
data.setCell(10, 1, 'runScenario')
data.setCell(10, 2, 'TestRunner.MyTestRunner')
data.setCell(10, 3, 4571);
data.setCell(11, 0, 11)
data.setCell(11, 1, 'runScenario')
data.setCell(11, 2, 'TestRunner.MyTestRunner')
data.setCell(11, 3, 3855);
window.suiteTableData['Default_suite']= { tableData: data, tableDiv: 'times-div-Default_suite'}
return data;
}
              </script>
              <span class="suite-total-time">Total running time: 2 minutes</span>
              <div id="times-div-Default_suite">
              </div> <!-- times-div-Default_suite -->
            </div> <!-- times-div -->
          </div> <!-- main-panel-content rounded-window-bottom -->
        </div> <!-- panel -->
        <div panel-name="reporter-Default_suite" class="panel">
          <div class="main-panel-header rounded-window-top">
            <span class="header-content">Reporter output for Default suite</span>
          </div> <!-- main-panel-header rounded-window-top -->
          <div class="main-panel-content rounded-window-bottom">
          </div> <!-- main-panel-content rounded-window-bottom -->
        </div> <!-- panel -->
        <div panel-name="ignored-methods-Default_suite" class="panel">
          <div class="main-panel-header rounded-window-top">
            <span class="header-content">0 ignored methods</span>
          </div> <!-- main-panel-header rounded-window-top -->
          <div class="main-panel-content rounded-window-bottom">
          </div> <!-- main-panel-content rounded-window-bottom -->
        </div> <!-- panel -->
        <div panel-name="chronological-Default_suite" class="panel">
          <div class="main-panel-header rounded-window-top">
            <span class="header-content">Methods in chronological order</span>
          </div> <!-- main-panel-header rounded-window-top -->
          <div class="main-panel-content rounded-window-bottom">
            <div class="chronological-class">
              <div class="chronological-class-name">TestRunner.MyTestRunner</div> <!-- chronological-class-name -->
              <div class="configuration-class before">
                <span class="method-name">setUpClass(org.testng.TestRunner@13f4048e)</span>
                <span class="method-start">0 ms</span>
              </div> <!-- configuration-class before -->
              <div class="test-method">
                <span class="method-name">runScenario("Verify website title and basic navigation", "West Florida AHEC Website Functionality")</span>
                <span class="method-start">616 ms</span>
              </div> <!-- test-method -->
              <div class="test-method">
                <span class="method-name">runScenario("Search functionality and navigation back", "West Florida AHEC Website Functionality")</span>
                <span class="method-start">6015 ms</span>
              </div> <!-- test-method -->
              <div class="test-method">
                <span class="method-name">runScenario("Search functionality and navigation back", "West Florida AHEC Website Functionality")</span>
                <span class="method-start">11866 ms</span>
              </div> <!-- test-method -->
              <div class="test-method">
                <img src="failed.png">
                </img>
                <span class="method-name">runScenario("My Account page access and registration attempt", "West Florida AHEC Website Functionality")</span>
                <span class="method-start">17267 ms</span>
              </div> <!-- test-method -->
              <div class="test-method">
                <img src="failed.png">
                </img>
                <span class="method-name">runScenario("Home page navigation to Health Insurance Navigation", "West Florida AHEC Website Functionality")</span>
                <span class="method-start">35604 ms</span>
              </div> <!-- test-method -->
              <div class="test-method">
                <img src="failed.png">
                </img>
                <span class="method-name">runScenario("Home page navigation to AHEC Scholars from home page section", "West Florida AHEC Website Functiona...)</span>
                <span class="method-start">49549 ms</span>
              </div> <!-- test-method -->
              <div class="test-method">
                <span class="method-name">runScenario("Navigate to and verify Tobacco Program page", "West Florida AHEC Website Functionality")</span>
                <span class="method-start">57180 ms</span>
              </div> <!-- test-method -->
              <div class="test-method">
                <img src="failed.png">
                </img>
                <span class="method-name">runScenario("Fill and submit Healthy Aging Program form", "West Florida AHEC Website Functionality")</span>
                <span class="method-start">64360 ms</span>
              </div> <!-- test-method -->
              <div class="test-method">
                <img src="failed.png">
                </img>
                <span class="method-name">runScenario("Fill and submit AHEC Scholars Program form", "West Florida AHEC Website Functionality")</span>
                <span class="method-start">95527 ms</span>
              </div> <!-- test-method -->
              <div class="test-method">
                <img src="failed.png">
                </img>
                <span class="method-name">runScenario("Fill and submit Covering Florida Program form", "West Florida AHEC Website Functionality")</span>
                <span class="method-start">109168 ms</span>
              </div> <!-- test-method -->
              <div class="test-method">
                <img src="failed.png">
                </img>
                <span class="method-name">runScenario("Navigate to Community Based Student Education and Training page", "West Florida AHEC Website Functi...)</span>
                <span class="method-start">124989 ms</span>
              </div> <!-- test-method -->
              <div class="test-method">
                <img src="failed.png">
                </img>
                <span class="method-name">runScenario("Navigate to Continuing Education page", "West Florida AHEC Website Functionality")</span>
                <span class="method-start">129565 ms</span>
              </div> <!-- test-method -->
              <div class="configuration-class after">
                <span class="method-name">tearDownClass</span>
                <span class="method-start">133427 ms</span>
              </div> <!-- configuration-class after -->
          </div> <!-- main-panel-content rounded-window-bottom -->
        </div> <!-- panel -->
      </div> <!-- main-panel-root -->
    </div> <!-- wrapper -->
  </body>
<script type="text/javascript" src="testng-reports2.js"></script>
</html>
