<html>
<head>
<title>TestNG:  CucumberTests</title>
<link href="../testng.css" rel="stylesheet" type="text/css" />
<link href="../my-testng.css" rel="stylesheet" type="text/css" />

<style type="text/css">
.log { display: none;} 
.stack-trace { display: none;} 
</style>
<script type="text/javascript">
<!--
function flip(e) {
  current = e.style.display;
  if (current == 'block') {
    e.style.display = 'none';
    return 0;
  }
  else {
    e.style.display = 'block';
    return 1;
  }
}

function toggleBox(szDivId, elem, msg1, msg2)
{
  var res = -1;  if (document.getElementById) {
    res = flip(document.getElementById(szDivId));
  }
  else if (document.all) {
    // this is the way old msie versions work
    res = flip(document.all[szDivId]);
  }
  if(elem) {
    if(res == 0) elem.innerHTML = msg1; else elem.innerHTML = msg2;
  }

}

function toggleAllBoxes() {
  if (document.getElementsByTagName) {
    d = document.getElementsByTagName('div');
    for (i = 0; i < d.length; i++) {
      if (d[i].className == 'log') {
        flip(d[i]);
      }
    }
  }
}

// -->
</script>

</head>
<body>
<h2 align='center'>CucumberTests</h2><table border='1' align="center">
<tr>
<td>Tests passed/Failed/Skipped:</td><td>5/2/0</td>
</tr><tr>
<td>Started on:</td><td>Mon Sep 08 03:51:56 IST 2025</td>
</tr>
<tr><td>Total time:</td><td>618 seconds (618888 ms)</td>
</tr><tr>
<td>Included groups:</td><td></td>
</tr><tr>
<td>Excluded groups:</td><td></td>
</tr>
</table><p/>
<small><i>(Hover the method name to see the test class name)</i></small><p/>
<table width='100%' border='1' class='invocation-failed'>
<tr><td colspan='4' align='center'><b>FAILED TESTS</b></td></tr>
<tr><td><b>Test method</b></td>
<td><b>Attribute(s)</b></td>
<td width="30%"><b>Exception</b></td>
<td width="10%"><b>Time (seconds)</b></td>
<td><b>Instance</b></td>
</tr>
<tr>
<td title='TestRunner.MyTestRunner.runScenario()'><b>runScenario</b><br>Test class: TestRunner.MyTestRunner<br>Test method: Runs Cucumber Scenarios<br>Parameters: "Hovering Programs menu shows sub-links", "Home page and Account flows"</td>
<td><div><pre>java.lang.AssertionError: Tobacco should be visible under Programs expected [true] but found [false]
	at StepDefinations.CapstoneHomePageSteps.the_link_should_be_visible_under_programs(CapstoneHomePageSteps.java:135)
	at ✽.the &quot;Tobacco&quot; link should be visible under Programs(file:///Users/siddhantshrivastav/Desktop/Capstone_Project/BDD/src/test/resources/Features/Capstone_HomePage.feature:42)
... Removed 3 stack frames</pre></div><a href='#' onClick='toggleBox("stack-trace1614992995", this, "Click to show all stack frames", "Click to hide stack frames")'>Click to show all stack frames</a>
<div class='stack-trace' id='stack-trace1614992995'><pre>java.lang.AssertionError: Tobacco should be visible under Programs expected [true] but found [false]
	at org.testng.Assert.fail(Assert.java:111)
	at org.testng.Assert.failNotEquals(Assert.java:1578)
	at org.testng.Assert.assertTrue(Assert.java:57)
	at StepDefinations.CapstoneHomePageSteps.the_link_should_be_visible_under_programs(CapstoneHomePageSteps.java:135)
	at ✽.the &quot;Tobacco&quot; link should be visible under Programs(file:///Users/siddhantshrivastav/Desktop/Capstone_Project/BDD/src/test/resources/Features/Capstone_HomePage.feature:42)
</pre></div></td>
<td>89</td>
<td>TestRunner.MyTestRunner@42e99e4a</td></tr>
<tr>
<td title='TestRunner.MyTestRunner.runScenario()'><b>runScenario</b><br>Test class: TestRunner.MyTestRunner<br>Test method: Runs Cucumber Scenarios<br>Parameters: "Login attempt using previously-registered or fallback credentials", "Home page and Account flows"</td>
<td><div><pre>java.lang.AssertionError: A credential (registered email or username) should have been available for the login attempt. expected [true] but found [false]
	at StepDefinations.CapstoneHomePageSteps.the_login_attempt_should_be_recorded_logged_in_indicator_or_graceful_failure(CapstoneHomePageSteps.java:103)
	at ✽.the login attempt should be recorded (logged-in indicator or graceful failure)(file:///Users/siddhantshrivastav/Desktop/Capstone_Project/BDD/src/test/resources/Features/Capstone_HomePage.feature:26)
... Removed 3 stack frames</pre></div><a href='#' onClick='toggleBox("stack-trace2027363825", this, "Click to show all stack frames", "Click to hide stack frames")'>Click to show all stack frames</a>
<div class='stack-trace' id='stack-trace2027363825'><pre>java.lang.AssertionError: A credential (registered email or username) should have been available for the login attempt. expected [true] but found [false]
	at org.testng.Assert.fail(Assert.java:111)
	at org.testng.Assert.failNotEquals(Assert.java:1578)
	at org.testng.Assert.assertTrue(Assert.java:57)
	at StepDefinations.CapstoneHomePageSteps.the_login_attempt_should_be_recorded_logged_in_indicator_or_graceful_failure(CapstoneHomePageSteps.java:103)
	at ✽.the login attempt should be recorded (logged-in indicator or graceful failure)(file:///Users/siddhantshrivastav/Desktop/Capstone_Project/BDD/src/test/resources/Features/Capstone_HomePage.feature:26)
</pre></div></td>
<td>135</td>
<td>TestRunner.MyTestRunner@42e99e4a</td></tr>
</table><p>
<table width='100%' border='1' class='invocation-passed'>
<tr><td colspan='4' align='center'><b>PASSED TESTS</b></td></tr>
<tr><td><b>Test method</b></td>
<td><b>Attribute(s)</b></td>
<td width="30%"><b>Exception</b></td>
<td width="10%"><b>Time (seconds)</b></td>
<td><b>Instance</b></td>
</tr>
<tr>
<td title='TestRunner.MyTestRunner.runScenario()'><b>runScenario</b><br>Test class: TestRunner.MyTestRunner<br>Test method: Runs Cucumber Scenarios<br>Parameters: "Health programs are listed under Programs", "Home page and Account flows"</td>
<td></td>
<td>60</td>
<td>TestRunner.MyTestRunner@42e99e4a</td></tr>
<tr>
<td title='TestRunner.MyTestRunner.runScenario()'><b>runScenario</b><br>Test class: TestRunner.MyTestRunner<br>Test method: Runs Cucumber Scenarios<br>Parameters: "Home page basic verification", "Home page and Account flows"</td>
<td></td>
<td>61</td>
<td>TestRunner.MyTestRunner@42e99e4a</td></tr>
<tr>
<td title='TestRunner.MyTestRunner.runScenario()'><b>runScenario</b><br>Test class: TestRunner.MyTestRunner<br>Test method: Runs Cucumber Scenarios<br>Parameters: "Search returns results for a query", "Home page and Account flows"</td>
<td></td>
<td>86</td>
<td>TestRunner.MyTestRunner@42e99e4a</td></tr>
<tr>
<td title='TestRunner.MyTestRunner.runScenario()'><b>runScenario</b><br>Test class: TestRunner.MyTestRunner<br>Test method: Runs Cucumber Scenarios<br>Parameters: "At least one expected resource link is present on Home page", "Home page and Account flows"</td>
<td></td>
<td>49</td>
<td>TestRunner.MyTestRunner@42e99e4a</td></tr>
<tr>
<td title='TestRunner.MyTestRunner.runScenario()'><b>runScenario</b><br>Test class: TestRunner.MyTestRunner<br>Test method: Runs Cucumber Scenarios<br>Parameters: "Registration attempt with valid credentials", "Home page and Account flows"</td>
<td></td>
<td>127</td>
<td>TestRunner.MyTestRunner@42e99e4a</td></tr>
</table><p>
</body>
</html>