<?xml version="1.0" encoding="UTF-8"?>
<!-- Generated by org.testng.reporters.JUnitXMLReporter -->
<testsuite ignored="0" hostname="LAPTOP-E0GIFP79" failures="1" tests="10" name="Default test" time="225.089" errors="0" timestamp="2025-09-08T07:01:54 IST">
  <testcase classname="Healthtest_Capstone_Project_Wipro.WestFlorida_human" name="openWebsite" time="3.448"/>
  <testcase classname="Healthtest_Capstone_Project_Wipro.WestFlorida_human" name="searchAndNavigate" time="7.494"/>
  <testcase classname="Healthtest_Capstone_Project_Wipro.WestFlorida_human" name="myAccountAndRegister" time="43.041">
    <failure type="java.lang.AssertionError" message="MyAccount &amp;amp; Registration test failed: Expected condition failed: waiting for visibility of element located by By.cssSelector: h2.avada-woocommerce-myaccount-heading, h2.my-account-dashboard, h2.entry-title (tried for 20 second(s) with 500 milliseconds interval)
Build info: version: &amp;apos;4.31.0&amp;apos;, revision: &amp;apos;1ef9f18787*&amp;apos;
System info: os.name: &amp;apos;Windows 11&amp;apos;, os.arch: &amp;apos;amd64&amp;apos;, os.version: &amp;apos;10.0&amp;apos;, java.version: &amp;apos;24.0.1&amp;apos;
Driver info: org.openqa.selenium.edge.EdgeDriver
Capabilities {acceptInsecureCerts: false, browserName: MicrosoftEdge, browserVersion: 140.0.3485.54, fedcm:accounts: true, ms:edgeOptions: {debuggerAddress: localhost:63785}, msedge: {msedgedriverVersion: 139.0.3405.125 (5d3aeaf5858..., userDataDir: C:\Users\ASUS\AppData\Local...}, networkConnectionEnabled: false, pageLoadStrategy: normal, platformName: windows, proxy: Proxy(), se:cdp: ws://localhost:63785/devtoo..., se:cdpVersion: 140.0.3485.54, setWindowRect: true, strictFileInteractability: false, timeouts: {implicit: 0, pageLoad: 300000, script: 30000}, unhandledPromptBehavior: dismiss and notify, webauthn:extension:credBlob: true, webauthn:extension:largeBlob: true, webauthn:extension:minPinLength: true, webauthn:extension:prf: true, webauthn:virtualAuthenticators: true}
Session ID: 639d2e26017d528796889a215c9681dc">
      <![CDATA[java.lang.AssertionError: MyAccount & Registration test failed: Expected condition failed: waiting for visibility of element located by By.cssSelector: h2.avada-woocommerce-myaccount-heading, h2.my-account-dashboard, h2.entry-title (tried for 20 second(s) with 500 milliseconds interval)
Build info: version: '4.31.0', revision: '1ef9f18787*'
System info: os.name: 'Windows 11', os.arch: 'amd64', os.version: '10.0', java.version: '24.0.1'
Driver info: org.openqa.selenium.edge.EdgeDriver
Capabilities {acceptInsecureCerts: false, browserName: MicrosoftEdge, browserVersion: 140.0.3485.54, fedcm:accounts: true, ms:edgeOptions: {debuggerAddress: localhost:63785}, msedge: {msedgedriverVersion: 139.0.3405.125 (5d3aeaf5858..., userDataDir: C:\Users\ASUS\AppData\Local...}, networkConnectionEnabled: false, pageLoadStrategy: normal, platformName: windows, proxy: Proxy(), se:cdp: ws://localhost:63785/devtoo..., se:cdpVersion: 140.0.3485.54, setWindowRect: true, strictFileInteractability: false, timeouts: {implicit: 0, pageLoad: 300000, script: 30000}, unhandledPromptBehavior: dismiss and notify, webauthn:extension:credBlob: true, webauthn:extension:largeBlob: true, webauthn:extension:minPinLength: true, webauthn:extension:prf: true, webauthn:virtualAuthenticators: true}
Session ID: 639d2e26017d528796889a215c9681dc
at org.testng.Assert.fail(Assert.java:111)
at Healthtest_Capstone_Project_Wipro.WestFlorida_human.myAccountAndRegister(WestFlorida_human.java:191)
at java.base/jdk.internal.reflect.DirectMethodHandleAccessor.invoke(DirectMethodHandleAccessor.java:104)
at java.base/java.lang.reflect.Method.invoke(Method.java:565)
at org.testng.internal.invokers.MethodInvocationHelper.invokeMethod(MethodInvocationHelper.java:139)
at org.testng.internal.invokers.TestInvoker.invokeMethod(TestInvoker.java:664)
at org.testng.internal.invokers.TestInvoker.invokeTestMethod(TestInvoker.java:227)
at org.testng.internal.invokers.MethodRunner.runInSequence(MethodRunner.java:50)
at org.testng.internal.invokers.TestInvoker$MethodInvocationAgent.invoke(TestInvoker.java:957)
at org.testng.internal.invokers.TestInvoker.invokeTestMethods(TestInvoker.java:200)
at org.testng.internal.invokers.TestMethodWorker.invokeTestMethods(TestMethodWorker.java:148)
at org.testng.internal.invokers.TestMethodWorker.run(TestMethodWorker.java:128)
at java.base/java.util.ArrayList.forEach(ArrayList.java:1604)
at org.testng.TestRunner.privateRun(TestRunner.java:848)
at org.testng.TestRunner.run(TestRunner.java:621)
at org.testng.SuiteRunner.runTest(SuiteRunner.java:443)
at org.testng.SuiteRunner.runSequentially(SuiteRunner.java:437)
at org.testng.SuiteRunner.privateRun(SuiteRunner.java:397)
at org.testng.SuiteRunner.run(SuiteRunner.java:336)
at org.testng.SuiteRunnerWorker.runSuite(SuiteRunnerWorker.java:52)
at org.testng.SuiteRunnerWorker.run(SuiteRunnerWorker.java:95)
at org.testng.TestNG.runSuitesSequentially(TestNG.java:1280)
at org.testng.TestNG.runSuitesLocally(TestNG.java:1200)
at org.testng.TestNG.runSuites(TestNG.java:1114)
at org.testng.TestNG.run(TestNG.java:1082)
at org.testng.remote.AbstractRemoteTestNG.run(AbstractRemoteTestNG.java:115)
at org.testng.remote.RemoteTestNG.initAndRun(RemoteTestNG.java:293)
at org.testng.remote.RemoteTestNG.main(RemoteTestNG.java:91)
]]>
    </failure>
  </testcase> <!-- myAccountAndRegister -->
  <testcase classname="Healthtest_Capstone_Project_Wipro.WestFlorida_human" name="homePageNavigationTests" time="18.504"/>
  <testcase classname="Healthtest_Capstone_Project_Wipro.WestFlorida_human" name="tobaccoProgramTest" time="5.028"/>
  <testcase classname="Healthtest_Capstone_Project_Wipro.WestFlorida_human" name="ahecScholarsProgramTest" time="116.784"/>
  <testcase classname="Healthtest_Capstone_Project_Wipro.WestFlorida_human" name="healthyAgingProgramTest" time="10.948"/>
  <testcase classname="Healthtest_Capstone_Project_Wipro.WestFlorida_human" name="coveringFloridaProgramTest" time="8.849"/>
  <testcase classname="Healthtest_Capstone_Project_Wipro.WestFlorida_human" name="communityBasedEducationTest" time="3.361"/>
  <testcase classname="Healthtest_Capstone_Project_Wipro.WestFlorida_human" name="continuingEducationServiceTest" time="2.658"/>
</testsuite> <!-- Default test -->
