<?xml version="1.0" encoding="UTF-8"?>
<!-- Generated by org.testng.reporters.JUnitXMLReporter -->
<testsuite ignored="0" hostname="LAPTOP-E0GIFP79" failures="1" tests="3" name="Functional" time="22.342" errors="0" timestamp="2025-08-23T12:44:43 IST">
  <testcase classname="TestNG.TestNGParameters" name="testparameters" time="0.0">
    <failure type="org.testng.TestNGException" message="
Parameter &amp;apos;browser&amp;apos; is required by @Test on method testparameters but has not been marked @Optional or defined
in E:\EclipseWorkspace\Selenium-tst\testng19_8.xml">
      <![CDATA[org.testng.TestNGException: 
Parameter 'browser' is required by @Test on method testparameters but has not been marked @Optional or defined
in E:\EclipseWorkspace\Selenium-tst\testng19_8.xml
at java.base/java.util.concurrent.ThreadPoolExecutor.runWorker(ThreadPoolExecutor.java:1095)
at java.base/java.util.concurrent.ThreadPoolExecutor$Worker.run(ThreadPoolExecutor.java:619)
at java.base/java.lang.Thread.run(Thread.java:1447)
... Removed 11 stack frames]]>
    </failure>
  </testcase> <!-- testparameters -->
  <testcase classname="TestNG.TestNGMultipleTestcases" name="Alert" time="15.365"/>
  <testcase classname="TestNG.TestNGMultipleTestcases" name="launchbrowser" time="6.926"/>
</testsuite> <!-- Functional -->
