<?xml version="1.0" encoding="UTF-8"?>
<!-- Generated by org.testng.reporters.JUnitReportReporter -->
<testsuite hostname="LAPTOP-E0GIFP79" failures="1" tests="12" name="TestRunner.MyTestRunner" time="132.774" errors="7" timestamp="2025-09-08T08:17:19 IST" skipped="0">
  <testcase classname="TestRunner.MyTestRunner" name="runScenario" time="4.571">
    <error message="The step &#039;the user hovers over Services menu&#039; and 1 other step(s) are undefined.
You can implement these steps using the snippet(s) below:

@When(&quot;the user hovers over Services menu&quot;)
public void the_user_hovers_over_services_menu() {
    // Write code here that turns the phrase above into concrete actions
    throw new io.cucumber.java.PendingException();
}
@When(&quot;clicks on {string}&quot;)
public void clicks_on(String string) {
    // Write code here that turns the phrase above into concrete actions
    throw new io.cucumber.java.PendingException();
}
" type="io.cucumber.testng.UndefinedStepException">
      <![CDATA[io.cucumber.testng.UndefinedStepException: The step 'the user hovers over Services menu' and 1 other step(s) are undefined.
You can implement these steps using the snippet(s) below:

@When("the user hovers over Services menu")
public void the_user_hovers_over_services_menu() {
    // Write code here that turns the phrase above into concrete actions
    throw new io.cucumber.java.PendingException();
}
@When("clicks on {string}")
public void clicks_on(String string) {
    // Write code here that turns the phrase above into concrete actions
    throw new io.cucumber.java.PendingException();
}

at ✽.the user hovers over Services menu(file:///E:/Wipro%20Java%20Codes/Java1/Java-SDET-JULY-18/BDD-selenium/src/test/resource/features/westfloridaahec.feature:86)
]]>
    </error>
  </testcase> <!-- runScenario -->
  <testcase classname="TestRunner.MyTestRunner" name="runScenario" time="7.178"/>
  <testcase classname="TestRunner.MyTestRunner" name="runScenario" time="7.628">
    <error message="element click intercepted: Element &lt;div style=&quot;--awb-backgroundcolor:rgba(255,255,255,0);--awb-iconcolor:#224e86;&quot; class=&quot;fusion-column content-box-column content-box-column content-box-column-4 col-lg-3 col-md-3 col-sm-3 fusion-content-box-hover content-box-column-last content-box-column-last-in-row&quot;&gt;...&lt;/div&gt; is not clickable at point (1413, 18). Other element would receive the click: &lt;input type=&quot;search&quot; value=&quot;&quot; name=&quot;s&quot; class=&quot;s&quot; placeholder=&quot;Search...&quot; required=&quot;&quot; aria-required=&quot;true&quot; aria-label=&quot;Search...&quot;&gt;
  (Session info: chrome=139.0.7258.157)
Build info: version: &#039;4.25.0&#039;, revision: &#039;8a8aea2337&#039;
System info: os.name: &#039;Windows 11&#039;, os.arch: &#039;amd64&#039;, os.version: &#039;10.0&#039;, java.version: &#039;21.0.7&#039;
Driver info: org.openqa.selenium.chrome.ChromeDriver
Command: [2ece743f75e93c01faf33130f9351c55, clickElement {id=f.2BA64B99992AD8505B61A47C5F1EFD47.d.6CCBB269A5849F06BB68EB98CF86AD7A.e.65}]
Capabilities {acceptInsecureCerts: false, browserName: chrome, browserVersion: 139.0.7258.157, chrome: {chromedriverVersion: 139.0.7258.154 (9e0d6b2b47f..., userDataDir: C:\Users\ASUS\AppData\Local...}, fedcm:accounts: true, goog:chromeOptions: {debuggerAddress: localhost:52507}, networkConnectionEnabled: false, pageLoadStrategy: normal, platformName: windows, proxy: Proxy(), se:cdp: ws://localhost:52507/devtoo..., se:cdpVersion: 139.0.7258.157, setWindowRect: true, strictFileInteractability: false, timeouts: {implicit: 0, pageLoad: 300000, script: 30000}, unhandledPromptBehavior: dismiss and notify, webauthn:extension:credBlob: true, webauthn:extension:largeBlob: true, webauthn:extension:minPinLength: true, webauthn:extension:prf: true, webauthn:virtualAuthenticators: true}
Element: [[ChromeDriver: chrome on windows (2ece743f75e93c01faf33130f9351c55)] -&gt; xpath: //*[normalize-space()=&#039;AHEC SCHOLARS&#039;]]
Session ID: 2ece743f75e93c01faf33130f9351c55" type="org.openqa.selenium.ElementClickInterceptedException">
      <![CDATA[org.openqa.selenium.ElementClickInterceptedException: element click intercepted: Element <div style="--awb-backgroundcolor:rgba(255,255,255,0);--awb-iconcolor:#224e86;" class="fusion-column content-box-column content-box-column content-box-column-4 col-lg-3 col-md-3 col-sm-3 fusion-content-box-hover content-box-column-last content-box-column-last-in-row">...</div> is not clickable at point (1413, 18). Other element would receive the click: <input type="search" value="" name="s" class="s" placeholder="Search..." required="" aria-required="true" aria-label="Search...">
  (Session info: chrome=139.0.7258.157)
Build info: version: '4.25.0', revision: '8a8aea2337'
System info: os.name: 'Windows 11', os.arch: 'amd64', os.version: '10.0', java.version: '21.0.7'
Driver info: org.openqa.selenium.chrome.ChromeDriver
Command: [2ece743f75e93c01faf33130f9351c55, clickElement {id=f.2BA64B99992AD8505B61A47C5F1EFD47.d.6CCBB269A5849F06BB68EB98CF86AD7A.e.65}]
Capabilities {acceptInsecureCerts: false, browserName: chrome, browserVersion: 139.0.7258.157, chrome: {chromedriverVersion: 139.0.7258.154 (9e0d6b2b47f..., userDataDir: C:\Users\ASUS\AppData\Local...}, fedcm:accounts: true, goog:chromeOptions: {debuggerAddress: localhost:52507}, networkConnectionEnabled: false, pageLoadStrategy: normal, platformName: windows, proxy: Proxy(), se:cdp: ws://localhost:52507/devtoo..., se:cdpVersion: 139.0.7258.157, setWindowRect: true, strictFileInteractability: false, timeouts: {implicit: 0, pageLoad: 300000, script: 30000}, unhandledPromptBehavior: dismiss and notify, webauthn:extension:credBlob: true, webauthn:extension:largeBlob: true, webauthn:extension:minPinLength: true, webauthn:extension:prf: true, webauthn:virtualAuthenticators: true}
Element: [[ChromeDriver: chrome on windows (2ece743f75e93c01faf33130f9351c55)] -> xpath: //*[normalize-space()='AHEC SCHOLARS']]
Session ID: 2ece743f75e93c01faf33130f9351c55
at java.base/jdk.internal.reflect.DirectConstructorHandleAccessor.newInstance(DirectConstructorHandleAccessor.java:62)
at java.base/java.lang.reflect.Constructor.newInstanceWithCaller(Constructor.java:502)
at java.base/java.lang.reflect.Constructor.newInstance(Constructor.java:486)
at org.openqa.selenium.remote.ErrorCodec.decode(ErrorCodec.java:167)
at org.openqa.selenium.remote.codec.w3c.W3CHttpResponseCodec.decode(W3CHttpResponseCodec.java:138)
at org.openqa.selenium.remote.codec.w3c.W3CHttpResponseCodec.decode(W3CHttpResponseCodec.java:50)
at org.openqa.selenium.remote.HttpCommandExecutor.execute(HttpCommandExecutor.java:190)
at org.openqa.selenium.remote.service.DriverCommandExecutor.invokeExecute(DriverCommandExecutor.java:216)
at org.openqa.selenium.remote.service.DriverCommandExecutor.execute(DriverCommandExecutor.java:174)
at org.openqa.selenium.remote.RemoteWebDriver.execute(RemoteWebDriver.java:545)
at org.openqa.selenium.remote.RemoteWebElement.execute(RemoteWebElement.java:223)
at org.openqa.selenium.remote.RemoteWebElement.click(RemoteWebElement.java:76)
at pages.HomePage.clickElementByText(HomePage.java:116)
at StepDefinitions.HomePageNavigationStepDefinitions.the_user_clicks_on_ahec_scholars_from_the_home_page(HomePageNavigationStepDefinitions.java:29)
at ✽.the user clicks on AHEC Scholars from the home page(file:///E:/Wipro%20Java%20Codes/Java1/Java-SDET-JULY-18/BDD-selenium/src/test/resource/features/westfloridaahec.feature:38)
]]>
    </error>
  </testcase> <!-- runScenario -->
  <testcase classname="TestRunner.MyTestRunner" name="runScenario" time="13.640">
    <error message="invalid argument: File not found : /path/to/dummy.pdf
  (Session info: chrome=139.0.7258.157)
Build info: version: &#039;4.25.0&#039;, revision: &#039;8a8aea2337&#039;
System info: os.name: &#039;Windows 11&#039;, os.arch: &#039;amd64&#039;, os.version: &#039;10.0&#039;, java.version: &#039;21.0.7&#039;
Driver info: org.openqa.selenium.chrome.ChromeDriver
Command: [6c0fc3a0e898843b4e93a336ee591125, sendKeysToElement {value=[Ljava.lang.CharSequence;@22865072, id=f.698FF23FA615B38B53004CF5AF8B38E4.d.60FEF7EF917D4EE57C5DCDEFEE118F3B.e.41}]
Capabilities {acceptInsecureCerts: false, browserName: chrome, browserVersion: 139.0.7258.157, chrome: {chromedriverVersion: 139.0.7258.154 (9e0d6b2b47f..., userDataDir: C:\Users\ASUS\AppData\Local...}, fedcm:accounts: true, goog:chromeOptions: {debuggerAddress: localhost:60215}, networkConnectionEnabled: false, pageLoadStrategy: normal, platformName: windows, proxy: Proxy(), se:cdp: ws://localhost:60215/devtoo..., se:cdpVersion: 139.0.7258.157, setWindowRect: true, strictFileInteractability: false, timeouts: {implicit: 0, pageLoad: 300000, script: 30000}, unhandledPromptBehavior: dismiss and notify, webauthn:extension:credBlob: true, webauthn:extension:largeBlob: true, webauthn:extension:minPinLength: true, webauthn:extension:prf: true, webauthn:virtualAuthenticators: true}
Element: [[ChromeDriver: chrome on windows (6c0fc3a0e898843b4e93a336ee591125)] -&gt; xpath: //input[@type=&#039;file&#039;]]
Session ID: 6c0fc3a0e898843b4e93a336ee591125" type="org.openqa.selenium.InvalidArgumentException">
      <![CDATA[org.openqa.selenium.InvalidArgumentException: invalid argument: File not found : /path/to/dummy.pdf
  (Session info: chrome=139.0.7258.157)
Build info: version: '4.25.0', revision: '8a8aea2337'
System info: os.name: 'Windows 11', os.arch: 'amd64', os.version: '10.0', java.version: '21.0.7'
Driver info: org.openqa.selenium.chrome.ChromeDriver
Command: [6c0fc3a0e898843b4e93a336ee591125, sendKeysToElement {value=[Ljava.lang.CharSequence;@22865072, id=f.698FF23FA615B38B53004CF5AF8B38E4.d.60FEF7EF917D4EE57C5DCDEFEE118F3B.e.41}]
Capabilities {acceptInsecureCerts: false, browserName: chrome, browserVersion: 139.0.7258.157, chrome: {chromedriverVersion: 139.0.7258.154 (9e0d6b2b47f..., userDataDir: C:\Users\ASUS\AppData\Local...}, fedcm:accounts: true, goog:chromeOptions: {debuggerAddress: localhost:60215}, networkConnectionEnabled: false, pageLoadStrategy: normal, platformName: windows, proxy: Proxy(), se:cdp: ws://localhost:60215/devtoo..., se:cdpVersion: 139.0.7258.157, setWindowRect: true, strictFileInteractability: false, timeouts: {implicit: 0, pageLoad: 300000, script: 30000}, unhandledPromptBehavior: dismiss and notify, webauthn:extension:credBlob: true, webauthn:extension:largeBlob: true, webauthn:extension:minPinLength: true, webauthn:extension:prf: true, webauthn:virtualAuthenticators: true}
Element: [[ChromeDriver: chrome on windows (6c0fc3a0e898843b4e93a336ee591125)] -> xpath: //input[@type='file']]
Session ID: 6c0fc3a0e898843b4e93a336ee591125
at java.base/jdk.internal.reflect.DirectConstructorHandleAccessor.newInstance(DirectConstructorHandleAccessor.java:62)
at java.base/java.lang.reflect.Constructor.newInstanceWithCaller(Constructor.java:502)
at java.base/java.lang.reflect.Constructor.newInstance(Constructor.java:486)
at org.openqa.selenium.remote.ErrorCodec.decode(ErrorCodec.java:167)
at org.openqa.selenium.remote.codec.w3c.W3CHttpResponseCodec.decode(W3CHttpResponseCodec.java:138)
at org.openqa.selenium.remote.codec.w3c.W3CHttpResponseCodec.decode(W3CHttpResponseCodec.java:50)
at org.openqa.selenium.remote.HttpCommandExecutor.execute(HttpCommandExecutor.java:190)
at org.openqa.selenium.remote.service.DriverCommandExecutor.invokeExecute(DriverCommandExecutor.java:216)
at org.openqa.selenium.remote.service.DriverCommandExecutor.execute(DriverCommandExecutor.java:174)
at org.openqa.selenium.remote.RemoteWebDriver.execute(RemoteWebDriver.java:545)
at org.openqa.selenium.remote.RemoteWebElement.execute(RemoteWebElement.java:223)
at org.openqa.selenium.remote.RemoteWebElement.sendKeys(RemoteWebElement.java:110)
at pages.AHECScholarsProgramPage.fillApplicationForm(AHECScholarsProgramPage.java:107)
at StepDefinitions.AHECScholarsProgramStepDefinitions.the_user_fills_the_ahec_scholars_application_form_with_details(AHECScholarsProgramStepDefinitions.java:30)
at ✽.the user fills the AHEC Scholars application form with details: "Jane", "Doe", "01/01/2000", "123 Main St", "Anytown", "12345", "123 Main St", "Anytown", "12345", "0987654321", "jane.doe@example.com", "12/31/2025", "Dean's List", "Online Search", "My essay content", "/path/to/dummy.pdf"(file:///E:/Wipro%20Java%20Codes/Java1/Java-SDET-JULY-18/BDD-selenium/src/test/resource/features/westfloridaahec.feature:70)
]]>
    </error>
  </testcase> <!-- runScenario -->
  <testcase classname="TestRunner.MyTestRunner" name="runScenario" time="15.816">
    <error message="Expected condition failed: waiting for title to contain &quot;Covering Florida&quot;. Current title: &quot;Navigators - West Florida Area Health Education Center, Inc&quot; (tried for 10 second(s) with 500 milliseconds interval)
Build info: version: &#039;4.25.0&#039;, revision: &#039;8a8aea2337&#039;
System info: os.name: &#039;Windows 11&#039;, os.arch: &#039;amd64&#039;, os.version: &#039;10.0&#039;, java.version: &#039;21.0.7&#039;
Driver info: org.openqa.selenium.chrome.ChromeDriver
Capabilities {acceptInsecureCerts: false, browserName: chrome, browserVersion: 139.0.7258.157, chrome: {chromedriverVersion: 139.0.7258.154 (9e0d6b2b47f..., userDataDir: C:\Users\ASUS\AppData\Local...}, fedcm:accounts: true, goog:chromeOptions: {debuggerAddress: localhost:60271}, networkConnectionEnabled: false, pageLoadStrategy: normal, platformName: windows, proxy: Proxy(), se:cdp: ws://localhost:60271/devtoo..., se:cdpVersion: 139.0.7258.157, setWindowRect: true, strictFileInteractability: false, timeouts: {implicit: 0, pageLoad: 300000, script: 30000}, unhandledPromptBehavior: dismiss and notify, webauthn:extension:credBlob: true, webauthn:extension:largeBlob: true, webauthn:extension:minPinLength: true, webauthn:extension:prf: true, webauthn:virtualAuthenticators: true}
Session ID: de8bf5d4c4a8941941fc8e9f5c7c6861" type="org.openqa.selenium.TimeoutException">
      <![CDATA[org.openqa.selenium.TimeoutException: Expected condition failed: waiting for title to contain "Covering Florida". Current title: "Navigators - West Florida Area Health Education Center, Inc" (tried for 10 second(s) with 500 milliseconds interval)
Build info: version: '4.25.0', revision: '8a8aea2337'
System info: os.name: 'Windows 11', os.arch: 'amd64', os.version: '10.0', java.version: '21.0.7'
Driver info: org.openqa.selenium.chrome.ChromeDriver
Capabilities {acceptInsecureCerts: false, browserName: chrome, browserVersion: 139.0.7258.157, chrome: {chromedriverVersion: 139.0.7258.154 (9e0d6b2b47f..., userDataDir: C:\Users\ASUS\AppData\Local...}, fedcm:accounts: true, goog:chromeOptions: {debuggerAddress: localhost:60271}, networkConnectionEnabled: false, pageLoadStrategy: normal, platformName: windows, proxy: Proxy(), se:cdp: ws://localhost:60271/devtoo..., se:cdpVersion: 139.0.7258.157, setWindowRect: true, strictFileInteractability: false, timeouts: {implicit: 0, pageLoad: 300000, script: 30000}, unhandledPromptBehavior: dismiss and notify, webauthn:extension:credBlob: true, webauthn:extension:largeBlob: true, webauthn:extension:minPinLength: true, webauthn:extension:prf: true, webauthn:virtualAuthenticators: true}
Session ID: de8bf5d4c4a8941941fc8e9f5c7c6861
at org.openqa.selenium.support.ui.WebDriverWait.timeoutException(WebDriverWait.java:84)
at org.openqa.selenium.support.ui.FluentWait.until(FluentWait.java:228)
at pages.HomePage.clickCoveringFlorida(HomePage.java:95)
at StepDefinitions.CoveringFloridaProgramStepDefinitions.the_user_clicks_on_covering_florida_program(CoveringFloridaProgramStepDefinitions.java:20)
at ✽.the user clicks on Covering Florida program(file:///E:/Wipro%20Java%20Codes/Java1/Java-SDET-JULY-18/BDD-selenium/src/test/resource/features/westfloridaahec.feature:78)
]]>
    </error>
  </testcase> <!-- runScenario -->
  <testcase classname="TestRunner.MyTestRunner" name="runScenario" time="5.399"/>
  <testcase classname="TestRunner.MyTestRunner" name="runScenario" time="18.335">
    <error message="Expected condition failed: waiting for element to be clickable: By.name: register (tried for 10 second(s) with 500 milliseconds interval)
Build info: version: &#039;4.25.0&#039;, revision: &#039;8a8aea2337&#039;
System info: os.name: &#039;Windows 11&#039;, os.arch: &#039;amd64&#039;, os.version: &#039;10.0&#039;, java.version: &#039;21.0.7&#039;
Driver info: org.openqa.selenium.chrome.ChromeDriver
Capabilities {acceptInsecureCerts: false, browserName: chrome, browserVersion: 139.0.7258.157, chrome: {chromedriverVersion: 139.0.7258.154 (9e0d6b2b47f..., userDataDir: C:\Users\ASUS\AppData\Local...}, fedcm:accounts: true, goog:chromeOptions: {debuggerAddress: localhost:61757}, networkConnectionEnabled: false, pageLoadStrategy: normal, platformName: windows, proxy: Proxy(), se:cdp: ws://localhost:61757/devtoo..., se:cdpVersion: 139.0.7258.157, setWindowRect: true, strictFileInteractability: false, timeouts: {implicit: 0, pageLoad: 300000, script: 30000}, unhandledPromptBehavior: dismiss and notify, webauthn:extension:credBlob: true, webauthn:extension:largeBlob: true, webauthn:extension:minPinLength: true, webauthn:extension:prf: true, webauthn:virtualAuthenticators: true}
Session ID: d097946cc9a273e6e726cf66dde3c759" type="org.openqa.selenium.TimeoutException">
      <![CDATA[org.openqa.selenium.TimeoutException: Expected condition failed: waiting for element to be clickable: By.name: register (tried for 10 second(s) with 500 milliseconds interval)
Build info: version: '4.25.0', revision: '8a8aea2337'
System info: os.name: 'Windows 11', os.arch: 'amd64', os.version: '10.0', java.version: '21.0.7'
Driver info: org.openqa.selenium.chrome.ChromeDriver
Capabilities {acceptInsecureCerts: false, browserName: chrome, browserVersion: 139.0.7258.157, chrome: {chromedriverVersion: 139.0.7258.154 (9e0d6b2b47f..., userDataDir: C:\Users\ASUS\AppData\Local...}, fedcm:accounts: true, goog:chromeOptions: {debuggerAddress: localhost:61757}, networkConnectionEnabled: false, pageLoadStrategy: normal, platformName: windows, proxy: Proxy(), se:cdp: ws://localhost:61757/devtoo..., se:cdpVersion: 139.0.7258.157, setWindowRect: true, strictFileInteractability: false, timeouts: {implicit: 0, pageLoad: 300000, script: 30000}, unhandledPromptBehavior: dismiss and notify, webauthn:extension:credBlob: true, webauthn:extension:largeBlob: true, webauthn:extension:minPinLength: true, webauthn:extension:prf: true, webauthn:virtualAuthenticators: true}
Session ID: d097946cc9a273e6e726cf66dde3c759
at org.openqa.selenium.support.ui.WebDriverWait.timeoutException(WebDriverWait.java:84)
at org.openqa.selenium.support.ui.FluentWait.until(FluentWait.java:228)
at pages.MyAccountPage.clickRegister(MyAccountPage.java:41)
at StepDefinitions.MyAccountStepDefinitions.the_user_registers_with_username_email_and_password(MyAccountStepDefinitions.java:40)
at ✽.the user registers with username "TestUser", email "test@example.com", and password "Test@123"(file:///E:/Wipro%20Java%20Codes/Java1/Java-SDET-JULY-18/BDD-selenium/src/test/resource/features/westfloridaahec.feature:25)
]]>
    </error>
  </testcase> <!-- runScenario -->
  <testcase classname="TestRunner.MyTestRunner" name="runScenario" time="3.855">
    <error message="The step &#039;the user hovers over Services menu&#039; and 1 other step(s) are undefined.
You can implement these steps using the snippet(s) below:

@When(&quot;the user hovers over Services menu&quot;)
public void the_user_hovers_over_services_menu() {
    // Write code here that turns the phrase above into concrete actions
    throw new io.cucumber.java.PendingException();
}
@When(&quot;clicks on {string}&quot;)
public void clicks_on(String string) {
    // Write code here that turns the phrase above into concrete actions
    throw new io.cucumber.java.PendingException();
}
" type="io.cucumber.testng.UndefinedStepException">
      <![CDATA[io.cucumber.testng.UndefinedStepException: The step 'the user hovers over Services menu' and 1 other step(s) are undefined.
You can implement these steps using the snippet(s) below:

@When("the user hovers over Services menu")
public void the_user_hovers_over_services_menu() {
    // Write code here that turns the phrase above into concrete actions
    throw new io.cucumber.java.PendingException();
}
@When("clicks on {string}")
public void clicks_on(String string) {
    // Write code here that turns the phrase above into concrete actions
    throw new io.cucumber.java.PendingException();
}

at ✽.the user hovers over Services menu(file:///E:/Wipro%20Java%20Codes/Java1/Java-SDET-JULY-18/BDD-selenium/src/test/resource/features/westfloridaahec.feature:94)
]]>
    </error>
  </testcase> <!-- runScenario -->
  <testcase classname="TestRunner.MyTestRunner" name="runScenario" time="5.396"/>
  <testcase classname="TestRunner.MyTestRunner" name="runScenario" time="13.944">
    <failure message="Health Insurance Navigation page not displayed. expected [true] but found [false]" type="java.lang.AssertionError">
      <![CDATA[java.lang.AssertionError: Health Insurance Navigation page not displayed. expected [true] but found [false]
at org.testng.Assert.fail(Assert.java:111)
at org.testng.Assert.failNotEquals(Assert.java:1578)
at org.testng.Assert.assertTrue(Assert.java:57)
at StepDefinitions.HomePageNavigationStepDefinitions.the_health_insurance_navigation_page_should_be_displayed(HomePageNavigationStepDefinitions.java:22)
at ✽.the Health Insurance Navigation page should be displayed(file:///E:/Wipro%20Java%20Codes/Java1/Java-SDET-JULY-18/BDD-selenium/src/test/resource/features/westfloridaahec.feature:32)
]]>
    </failure>
  </testcase> <!-- runScenario -->
  <testcase classname="TestRunner.MyTestRunner" name="runScenario" time="31.163">
    <error message="element click intercepted: Element &lt;span class=&quot;el-checkbox__label&quot;&gt;...&lt;/span&gt; is not clickable at point (425, 9). Other element would receive the click: &lt;img src=&quot;https://westfloridaahec.org/wp-content/uploads/2020/06/logo.png&quot; srcset=&quot;https://westfloridaahec.org/wp-content/uploads/2020/06/logo.png 1x&quot; width=&quot;247&quot; height=&quot;96&quot; alt=&quot;West Florida Area Health Education Center, Inc Logo&quot; data-retina_logo_url=&quot;&quot; class=&quot;fusion-standard-logo&quot;&gt;
  (Session info: chrome=139.0.7258.157)
Build info: version: &#039;4.25.0&#039;, revision: &#039;8a8aea2337&#039;
System info: os.name: &#039;Windows 11&#039;, os.arch: &#039;amd64&#039;, os.version: &#039;10.0&#039;, java.version: &#039;21.0.7&#039;
Driver info: org.openqa.selenium.chrome.ChromeDriver
Command: [8bbbe6d4265ea6ae73e0ab69b6854686, clickElement {id=f.092702D33C97D7B1000E2D514225F8E0.d.24D0FD7A348890FBA23DC6C96F27D652.e.181}]
Capabilities {acceptInsecureCerts: false, browserName: chrome, browserVersion: 139.0.7258.157, chrome: {chromedriverVersion: 139.0.7258.154 (9e0d6b2b47f..., userDataDir: C:\Users\ASUS\AppData\Local...}, fedcm:accounts: true, goog:chromeOptions: {debuggerAddress: localhost:52497}, networkConnectionEnabled: false, pageLoadStrategy: normal, platformName: windows, proxy: Proxy(), se:cdp: ws://localhost:52497/devtoo..., se:cdpVersion: 139.0.7258.157, setWindowRect: true, strictFileInteractability: false, timeouts: {implicit: 0, pageLoad: 300000, script: 30000}, unhandledPromptBehavior: dismiss and notify, webauthn:extension:credBlob: true, webauthn:extension:largeBlob: true, webauthn:extension:minPinLength: true, webauthn:extension:prf: true, webauthn:virtualAuthenticators: true}
Element: [[ChromeDriver: chrome on windows (8bbbe6d4265ea6ae73e0ab69b6854686)] -&gt; xpath: //span[normalize-space()=&#039;Tai Chi for Arthritis&#039;]]
Session ID: 8bbbe6d4265ea6ae73e0ab69b6854686" type="org.openqa.selenium.ElementClickInterceptedException">
      <![CDATA[org.openqa.selenium.ElementClickInterceptedException: element click intercepted: Element <span class="el-checkbox__label">...</span> is not clickable at point (425, 9). Other element would receive the click: <img src="https://westfloridaahec.org/wp-content/uploads/2020/06/logo.png" srcset="https://westfloridaahec.org/wp-content/uploads/2020/06/logo.png 1x" width="247" height="96" alt="West Florida Area Health Education Center, Inc Logo" data-retina_logo_url="" class="fusion-standard-logo">
  (Session info: chrome=139.0.7258.157)
Build info: version: '4.25.0', revision: '8a8aea2337'
System info: os.name: 'Windows 11', os.arch: 'amd64', os.version: '10.0', java.version: '21.0.7'
Driver info: org.openqa.selenium.chrome.ChromeDriver
Command: [8bbbe6d4265ea6ae73e0ab69b6854686, clickElement {id=f.092702D33C97D7B1000E2D514225F8E0.d.24D0FD7A348890FBA23DC6C96F27D652.e.181}]
Capabilities {acceptInsecureCerts: false, browserName: chrome, browserVersion: 139.0.7258.157, chrome: {chromedriverVersion: 139.0.7258.154 (9e0d6b2b47f..., userDataDir: C:\Users\ASUS\AppData\Local...}, fedcm:accounts: true, goog:chromeOptions: {debuggerAddress: localhost:52497}, networkConnectionEnabled: false, pageLoadStrategy: normal, platformName: windows, proxy: Proxy(), se:cdp: ws://localhost:52497/devtoo..., se:cdpVersion: 139.0.7258.157, setWindowRect: true, strictFileInteractability: false, timeouts: {implicit: 0, pageLoad: 300000, script: 30000}, unhandledPromptBehavior: dismiss and notify, webauthn:extension:credBlob: true, webauthn:extension:largeBlob: true, webauthn:extension:minPinLength: true, webauthn:extension:prf: true, webauthn:virtualAuthenticators: true}
Element: [[ChromeDriver: chrome on windows (8bbbe6d4265ea6ae73e0ab69b6854686)] -> xpath: //span[normalize-space()='Tai Chi for Arthritis']]
Session ID: 8bbbe6d4265ea6ae73e0ab69b6854686
at java.base/jdk.internal.reflect.DirectConstructorHandleAccessor.newInstance(DirectConstructorHandleAccessor.java:62)
at java.base/java.lang.reflect.Constructor.newInstanceWithCaller(Constructor.java:502)
at java.base/java.lang.reflect.Constructor.newInstance(Constructor.java:486)
at org.openqa.selenium.remote.ErrorCodec.decode(ErrorCodec.java:167)
at org.openqa.selenium.remote.codec.w3c.W3CHttpResponseCodec.decode(W3CHttpResponseCodec.java:138)
at org.openqa.selenium.remote.codec.w3c.W3CHttpResponseCodec.decode(W3CHttpResponseCodec.java:50)
at org.openqa.selenium.remote.HttpCommandExecutor.execute(HttpCommandExecutor.java:190)
at org.openqa.selenium.remote.service.DriverCommandExecutor.invokeExecute(DriverCommandExecutor.java:216)
at org.openqa.selenium.remote.service.DriverCommandExecutor.execute(DriverCommandExecutor.java:174)
at org.openqa.selenium.remote.RemoteWebDriver.execute(RemoteWebDriver.java:545)
at org.openqa.selenium.remote.RemoteWebElement.execute(RemoteWebElement.java:223)
at org.openqa.selenium.remote.RemoteWebElement.click(RemoteWebElement.java:76)
at pages.HealthyAgingProgramPage.fillForm(HealthyAgingProgramPage.java:49)
at StepDefinitions.HealthyAgingProgramStepDefinitions.the_user_fills_the_healthy_aging_form_with_details(HealthyAgingProgramStepDefinitions.java:31)
at ✽.the user fills the Healthy Aging form with details: "John", "Doe", "1234567890", "john.doe@example.com", "Engineer", "This is a test comment."(file:///E:/Wipro%20Java%20Codes/Java1/Java-SDET-JULY-18/BDD-selenium/src/test/resource/features/westfloridaahec.feature:58)
]]>
    </error>
  </testcase> <!-- runScenario -->
  <testcase classname="TestRunner.MyTestRunner" name="runScenario" time="5.849"/>
</testsuite> <!-- TestRunner.MyTestRunner -->
