<?xml version="1.0" encoding="UTF-8"?>
<!-- Generated by org.testng.reporters.JUnitReportReporter -->
<testsuite hostname="Siddhants-MacBook-Air.local" failures="2" tests="7" name="TestRunner.MyTestRunner" time="610.353" errors="0" timestamp="2025-09-08T04:02:15 IST" skipped="0">
  <testcase classname="TestRunner.MyTestRunner" name="runScenario" time="60.626"/>
  <testcase classname="TestRunner.MyTestRunner" name="runScenario" time="89.328">
    <failure message="Tobacco should be visible under Programs expected [true] but found [false]" type="java.lang.AssertionError">
      <![CDATA[java.lang.AssertionError: Tobacco should be visible under Programs expected [true] but found [false]
at org.testng.Assert.fail(Assert.java:111)
at org.testng.Assert.failNotEquals(Assert.java:1578)
at org.testng.Assert.assertTrue(Assert.java:57)
at StepDefinations.CapstoneHomePageSteps.the_link_should_be_visible_under_programs(CapstoneHomePageSteps.java:135)
at ✽.the "Tobacco" link should be visible under Programs(file:///Users/siddhantshrivastav/Desktop/Capstone_Project/BDD/src/test/resources/Features/Capstone_HomePage.feature:42)
]]>
    </failure>
  </testcase> <!-- runScenario -->
  <testcase classname="TestRunner.MyTestRunner" name="runScenario" time="61.090"/>
  <testcase classname="TestRunner.MyTestRunner" name="runScenario" time="135.948">
    <failure message="A credential (registered email or username) should have been available for the login attempt. expected [true] but found [false]" type="java.lang.AssertionError">
      <![CDATA[java.lang.AssertionError: A credential (registered email or username) should have been available for the login attempt. expected [true] but found [false]
at org.testng.Assert.fail(Assert.java:111)
at org.testng.Assert.failNotEquals(Assert.java:1578)
at org.testng.Assert.assertTrue(Assert.java:57)
at StepDefinations.CapstoneHomePageSteps.the_login_attempt_should_be_recorded_logged_in_indicator_or_graceful_failure(CapstoneHomePageSteps.java:103)
at ✽.the login attempt should be recorded (logged-in indicator or graceful failure)(file:///Users/siddhantshrivastav/Desktop/Capstone_Project/BDD/src/test/resources/Features/Capstone_HomePage.feature:26)
]]>
    </failure>
  </testcase> <!-- runScenario -->
  <testcase classname="TestRunner.MyTestRunner" name="runScenario" time="86.066"/>
  <testcase classname="TestRunner.MyTestRunner" name="runScenario" time="49.491"/>
  <testcase classname="TestRunner.MyTestRunner" name="runScenario" time="127.804"/>
</testsuite> <!-- TestRunner.MyTestRunner -->
