<?xml version="1.0" encoding="UTF-8"?>
<!-- Generated by org.testng.reporters.JUnitReportReporter -->
<testsuite hostname="LAPTOP-E0GIFP79" failures="1" tests="3" name="Healthtest.WestFloridaTests" time="195.119" errors="0" timestamp="2025-09-01T00:26:37 IST" skipped="0">
  <testcase classname="Healthtest.WestFloridaTests" name="openWebsite" time="3.759"/>
  <testcase classname="Healthtest.WestFloridaTests" name="searchAndNavigate" time="1.878"/>
  <testcase classname="Healthtest.WestFloridaTests" name="myAccountAndRegister" time="189.482">
    <failure message="MyAccount &amp; Registration test failed: Expected condition failed: waiting for element to be clickable: By.xpath: //button[@name=&#039;register&#039; or contains(@class,&#039;woocommerce-Button&#039;)][normalize-space()=&#039;Register&#039;] (tried for 180 second(s) with 500 milliseconds interval)" type="java.lang.AssertionError">
      <![CDATA[java.lang.AssertionError: MyAccount & Registration test failed: Expected condition failed: waiting for element to be clickable: By.xpath: //button[@name='register' or contains(@class,'woocommerce-Button')][normalize-space()='Register'] (tried for 180 second(s) with 500 milliseconds interval)
at org.testng.Assert.fail(Assert.java:111)
at Healthtest.WestFloridaTests.myAccountAndRegister(WestFloridaTests.java:163)
at java.base/jdk.internal.reflect.DirectMethodHandleAccessor.invoke(DirectMethodHandleAccessor.java:104)
at java.base/java.lang.reflect.Method.invoke(Method.java:565)
at org.testng.internal.invokers.MethodInvocationHelper.invokeMethod(MethodInvocationHelper.java:139)
at org.testng.internal.invokers.TestInvoker.invokeMethod(TestInvoker.java:664)
at org.testng.internal.invokers.TestInvoker.invokeTestMethod(TestInvoker.java:227)
at org.testng.internal.invokers.MethodRunner.runInSequence(MethodRunner.java:50)
at org.testng.internal.invokers.TestInvoker$MethodInvocationAgent.invoke(TestInvoker.java:957)
at org.testng.internal.invokers.TestInvoker.invokeTestMethods(TestInvoker.java:200)
at org.testng.internal.invokers.TestMethodWorker.invokeTestMethods(TestMethodWorker.java:148)
at org.testng.internal.invokers.TestMethodWorker.run(TestMethodWorker.java:128)
at java.base/java.util.ArrayList.forEach(ArrayList.java:1604)
at org.testng.TestRunner.privateRun(TestRunner.java:848)
at org.testng.TestRunner.run(TestRunner.java:621)
at org.testng.SuiteRunner.runTest(SuiteRunner.java:443)
at org.testng.SuiteRunner.runSequentially(SuiteRunner.java:437)
at org.testng.SuiteRunner.privateRun(SuiteRunner.java:397)
at org.testng.SuiteRunner.run(SuiteRunner.java:336)
at org.testng.SuiteRunnerWorker.runSuite(SuiteRunnerWorker.java:52)
at org.testng.SuiteRunnerWorker.run(SuiteRunnerWorker.java:95)
at org.testng.TestNG.runSuitesSequentially(TestNG.java:1280)
at org.testng.TestNG.runSuitesLocally(TestNG.java:1200)
at org.testng.TestNG.runSuites(TestNG.java:1114)
at org.testng.TestNG.run(TestNG.java:1082)
at org.testng.remote.AbstractRemoteTestNG.run(AbstractRemoteTestNG.java:115)
at org.testng.remote.RemoteTestNG.initAndRun(RemoteTestNG.java:293)
at org.testng.remote.RemoteTestNG.main(RemoteTestNG.java:91)
]]>
    </failure>
  </testcase> <!-- myAccountAndRegister -->
</testsuite> <!-- Healthtest.WestFloridaTests -->
