<?xml version="1.0" encoding="UTF-8"?>
<!-- Generated by org.testng.reporters.JUnitXMLReporter -->
<testsuite ignored="0" hostname="LAPTOP-E0GIFP79" failures="1" tests="10" name="WestFlorida Test Execution" time="222.063" errors="0" timestamp="2025-09-08T07:05:59 IST">
  <testcase classname="Healthtest_Capstone_Project_Wipro.WestFlorida_human" name="openWebsite" time="2.705"/>
  <testcase classname="Healthtest_Capstone_Project_Wipro.WestFlorida_human" name="searchAndNavigate" time="4.809"/>
  <testcase classname="Healthtest_Capstone_Project_Wipro.WestFlorida_human" name="myAccountAndRegister" time="43.266">
    <failure type="java.lang.AssertionError" message="MyAccount &amp;amp; Registration test failed: Expected condition failed: waiting for visibility of element located by By.cssSelector: h2.avada-woocommerce-myaccount-heading, h2.my-account-dashboard, h2.entry-title (tried for 20 second(s) with 500 milliseconds interval)
Build info: version: &amp;apos;4.31.0&amp;apos;, revision: &amp;apos;1ef9f18787*&amp;apos;
System info: os.name: &amp;apos;Windows 11&amp;apos;, os.arch: &amp;apos;amd64&amp;apos;, os.version: &amp;apos;10.0&amp;apos;, java.version: &amp;apos;24.0.1&amp;apos;
Driver info: org.openqa.selenium.edge.EdgeDriver
Capabilities {acceptInsecureCerts: false, browserName: MicrosoftEdge, browserVersion: 140.0.3485.54, fedcm:accounts: true, ms:edgeOptions: {debuggerAddress: localhost:53586}, msedge: {msedgedriverVersion: 139.0.3405.125 (5d3aeaf5858..., userDataDir: C:\Users\ASUS\AppData\Local...}, networkConnectionEnabled: false, pageLoadStrategy: normal, platformName: windows, proxy: Proxy(), se:cdp: ws://localhost:53586/devtoo..., se:cdpVersion: 140.0.3485.54, setWindowRect: true, strictFileInteractability: false, timeouts: {implicit: 0, pageLoad: 300000, script: 30000}, unhandledPromptBehavior: dismiss and notify, webauthn:extension:credBlob: true, webauthn:extension:largeBlob: true, webauthn:extension:minPinLength: true, webauthn:extension:prf: true, webauthn:virtualAuthenticators: true}
Session ID: 30a23a56e42224d28062c533c0d09ff4">
      <![CDATA[java.lang.AssertionError: MyAccount & Registration test failed: Expected condition failed: waiting for visibility of element located by By.cssSelector: h2.avada-woocommerce-myaccount-heading, h2.my-account-dashboard, h2.entry-title (tried for 20 second(s) with 500 milliseconds interval)
Build info: version: '4.31.0', revision: '1ef9f18787*'
System info: os.name: 'Windows 11', os.arch: 'amd64', os.version: '10.0', java.version: '24.0.1'
Driver info: org.openqa.selenium.edge.EdgeDriver
Capabilities {acceptInsecureCerts: false, browserName: MicrosoftEdge, browserVersion: 140.0.3485.54, fedcm:accounts: true, ms:edgeOptions: {debuggerAddress: localhost:53586}, msedge: {msedgedriverVersion: 139.0.3405.125 (5d3aeaf5858..., userDataDir: C:\Users\ASUS\AppData\Local...}, networkConnectionEnabled: false, pageLoadStrategy: normal, platformName: windows, proxy: Proxy(), se:cdp: ws://localhost:53586/devtoo..., se:cdpVersion: 140.0.3485.54, setWindowRect: true, strictFileInteractability: false, timeouts: {implicit: 0, pageLoad: 300000, script: 30000}, unhandledPromptBehavior: dismiss and notify, webauthn:extension:credBlob: true, webauthn:extension:largeBlob: true, webauthn:extension:minPinLength: true, webauthn:extension:prf: true, webauthn:virtualAuthenticators: true}
Session ID: 30a23a56e42224d28062c533c0d09ff4
at Healthtest_Capstone_Project_Wipro.WestFlorida_human.myAccountAndRegister(WestFlorida_human.java:191)
at java.base/java.util.ArrayList.forEach(ArrayList.java:1604)
... Removed 26 stack frames]]>
    </failure>
  </testcase> <!-- myAccountAndRegister -->
  <testcase classname="Healthtest_Capstone_Project_Wipro.WestFlorida_human" name="homePageNavigationTests" time="19.515"/>
  <testcase classname="Healthtest_Capstone_Project_Wipro.WestFlorida_human" name="tobaccoProgramTest" time="5.19"/>
  <testcase classname="Healthtest_Capstone_Project_Wipro.WestFlorida_human" name="ahecScholarsProgramTest" time="111.933"/>
  <testcase classname="Healthtest_Capstone_Project_Wipro.WestFlorida_human" name="healthyAgingProgramTest" time="10.225"/>
  <testcase classname="Healthtest_Capstone_Project_Wipro.WestFlorida_human" name="coveringFloridaProgramTest" time="13.729"/>
  <testcase classname="Healthtest_Capstone_Project_Wipro.WestFlorida_human" name="communityBasedEducationTest" time="4.201"/>
  <testcase classname="Healthtest_Capstone_Project_Wipro.WestFlorida_human" name="continuingEducationServiceTest" time="2.991"/>
</testsuite> <!-- WestFlorida Test Execution -->
