<?xml version="1.0" encoding="UTF-8"?>
<testng-results ignored="0" total="10" passed="9" failed="1" skipped="0">
  <reporter-output>
  </reporter-output>
  <suite started-at="2025-09-08T07:02:17 IST" name="WestFlorida_Automation_Suite" finished-at="2025-09-08T07:05:59 IST" duration-ms="222063">
    <groups>
      <group name="Sanity">
        <method signature="WestFlorida_human.openWebsite()[pri:1, instance:Healthtest_Capstone_Project_Wipro.WestFlorida_human@223d2c72]" name="openWebsite" class="Healthtest_Capstone_Project_Wipro.WestFlorida_human"/>
        <method signature="WestFlorida_human.searchAndNavigate(java.lang.String)[pri:2, instance:Healthtest_Capstone_Project_Wipro.WestFlorida_human@223d2c72]" name="searchAndNavigate" class="Healthtest_Capstone_Project_Wipro.WestFlorida_human"/>
        <method signature="WestFlorida_human.homePageNavigationTests()[pri:4, instance:Healthtest_Capstone_Project_Wipro.WestFlorida_human@223d2c72]" name="homePageNavigationTests" class="Healthtest_Capstone_Project_Wipro.WestFlorida_human"/>
      </group> <!-- Sanity -->
      <group name="Regression">
        <method signature="WestFlorida_human.searchAndNavigate(java.lang.String)[pri:2, instance:Healthtest_Capstone_Project_Wipro.WestFlorida_human@223d2c72]" name="searchAndNavigate" class="Healthtest_Capstone_Project_Wipro.WestFlorida_human"/>
        <method signature="WestFlorida_human.myAccountAndRegister(java.lang.String)[pri:3, instance:Healthtest_Capstone_Project_Wipro.WestFlorida_human@223d2c72]" name="myAccountAndRegister" class="Healthtest_Capstone_Project_Wipro.WestFlorida_human"/>
        <method signature="WestFlorida_human.homePageNavigationTests()[pri:4, instance:Healthtest_Capstone_Project_Wipro.WestFlorida_human@223d2c72]" name="homePageNavigationTests" class="Healthtest_Capstone_Project_Wipro.WestFlorida_human"/>
        <method signature="WestFlorida_human.tobaccoProgramTest()[pri:5, instance:Healthtest_Capstone_Project_Wipro.WestFlorida_human@223d2c72]" name="tobaccoProgramTest" class="Healthtest_Capstone_Project_Wipro.WestFlorida_human"/>
        <method signature="WestFlorida_human.ahecScholarsProgramTest()[pri:6, instance:Healthtest_Capstone_Project_Wipro.WestFlorida_human@223d2c72]" name="ahecScholarsProgramTest" class="Healthtest_Capstone_Project_Wipro.WestFlorida_human"/>
        <method signature="WestFlorida_human.healthyAgingProgramTest()[pri:7, instance:Healthtest_Capstone_Project_Wipro.WestFlorida_human@223d2c72]" name="healthyAgingProgramTest" class="Healthtest_Capstone_Project_Wipro.WestFlorida_human"/>
        <method signature="WestFlorida_human.coveringFloridaProgramTest()[pri:8, instance:Healthtest_Capstone_Project_Wipro.WestFlorida_human@223d2c72]" name="coveringFloridaProgramTest" class="Healthtest_Capstone_Project_Wipro.WestFlorida_human"/>
        <method signature="WestFlorida_human.communityBasedEducationTest()[pri:9, instance:Healthtest_Capstone_Project_Wipro.WestFlorida_human@223d2c72]" name="communityBasedEducationTest" class="Healthtest_Capstone_Project_Wipro.WestFlorida_human"/>
        <method signature="WestFlorida_human.continuingEducationServiceTest()[pri:10, instance:Healthtest_Capstone_Project_Wipro.WestFlorida_human@223d2c72]" name="continuingEducationServiceTest" class="Healthtest_Capstone_Project_Wipro.WestFlorida_human"/>
      </group> <!-- Regression -->
    </groups>
    <test started-at="2025-09-08T07:02:17 IST" name="WestFlorida Test Execution" finished-at="2025-09-08T07:05:59 IST" duration-ms="222063">
      <class name="Healthtest_Capstone_Project_Wipro.WestFlorida_human">
        <test-method is-config="true" signature="setup()[pri:0, instance:Healthtest_Capstone_Project_Wipro.WestFlorida_human@223d2c72]" started-at="2025-09-08T07:02:17 IST" name="setup" finished-at="2025-09-08T07:02:20 IST" duration-ms="2855" status="PASS">
          <reporter-output>
          </reporter-output>
        </test-method> <!-- setup -->
        <test-method signature="openWebsite()[pri:1, instance:Healthtest_Capstone_Project_Wipro.WestFlorida_human@223d2c72]" started-at="2025-09-08T07:02:20 IST" name="openWebsite" finished-at="2025-09-08T07:02:22 IST" duration-ms="2705" status="PASS">
          <reporter-output>
          </reporter-output>
        </test-method> <!-- openWebsite -->
        <test-method signature="searchAndNavigate(java.lang.String)[pri:2, instance:Healthtest_Capstone_Project_Wipro.WestFlorida_human@223d2c72]" started-at="2025-09-08T07:02:22 IST" name="searchAndNavigate" finished-at="2025-09-08T07:02:27 IST" depends-on-methods="Healthtest_Capstone_Project_Wipro.WestFlorida_human.openWebsite" duration-ms="4809" status="PASS">
          <params>
            <param index="0">
              <value>
                <![CDATA[programs]]>
              </value>
            </param>
          </params>
          <reporter-output>
          </reporter-output>
        </test-method> <!-- searchAndNavigate -->
        <test-method signature="myAccountAndRegister(java.lang.String)[pri:3, instance:Healthtest_Capstone_Project_Wipro.WestFlorida_human@223d2c72]" started-at="2025-09-08T07:02:27 IST" name="myAccountAndRegister" finished-at="2025-09-08T07:03:10 IST" depends-on-methods="Healthtest_Capstone_Project_Wipro.WestFlorida_human.searchAndNavigate" duration-ms="43266" status="FAIL">
          <params>
            <param index="0">
              <value>
                <![CDATA[saksham@20]]>
              </value>
            </param>
          </params>
          <exception class="java.lang.AssertionError">
            <message>
              <![CDATA[MyAccount & Registration test failed: Expected condition failed: waiting for visibility of element located by By.cssSelector: h2.avada-woocommerce-myaccount-heading, h2.my-account-dashboard, h2.entry-title (tried for 20 second(s) with 500 milliseconds interval)
Build info: version: '4.31.0', revision: '1ef9f18787*'
System info: os.name: 'Windows 11', os.arch: 'amd64', os.version: '10.0', java.version: '24.0.1'
Driver info: org.openqa.selenium.edge.EdgeDriver
Capabilities {acceptInsecureCerts: false, browserName: MicrosoftEdge, browserVersion: 140.0.3485.54, fedcm:accounts: true, ms:edgeOptions: {debuggerAddress: localhost:53586}, msedge: {msedgedriverVersion: 139.0.3405.125 (5d3aeaf5858..., userDataDir: C:\Users\ASUS\AppData\Local...}, networkConnectionEnabled: false, pageLoadStrategy: normal, platformName: windows, proxy: Proxy(), se:cdp: ws://localhost:53586/devtoo..., se:cdpVersion: 140.0.3485.54, setWindowRect: true, strictFileInteractability: false, timeouts: {implicit: 0, pageLoad: 300000, script: 30000}, unhandledPromptBehavior: dismiss and notify, webauthn:extension:credBlob: true, webauthn:extension:largeBlob: true, webauthn:extension:minPinLength: true, webauthn:extension:prf: true, webauthn:virtualAuthenticators: true}
Session ID: 30a23a56e42224d28062c533c0d09ff4]]>
            </message>
            <full-stacktrace>
              <![CDATA[java.lang.AssertionError: MyAccount & Registration test failed: Expected condition failed: waiting for visibility of element located by By.cssSelector: h2.avada-woocommerce-myaccount-heading, h2.my-account-dashboard, h2.entry-title (tried for 20 second(s) with 500 milliseconds interval)
Build info: version: '4.31.0', revision: '1ef9f18787*'
System info: os.name: 'Windows 11', os.arch: 'amd64', os.version: '10.0', java.version: '24.0.1'
Driver info: org.openqa.selenium.edge.EdgeDriver
Capabilities {acceptInsecureCerts: false, browserName: MicrosoftEdge, browserVersion: 140.0.3485.54, fedcm:accounts: true, ms:edgeOptions: {debuggerAddress: localhost:53586}, msedge: {msedgedriverVersion: 139.0.3405.125 (5d3aeaf5858..., userDataDir: C:\Users\ASUS\AppData\Local...}, networkConnectionEnabled: false, pageLoadStrategy: normal, platformName: windows, proxy: Proxy(), se:cdp: ws://localhost:53586/devtoo..., se:cdpVersion: 140.0.3485.54, setWindowRect: true, strictFileInteractability: false, timeouts: {implicit: 0, pageLoad: 300000, script: 30000}, unhandledPromptBehavior: dismiss and notify, webauthn:extension:credBlob: true, webauthn:extension:largeBlob: true, webauthn:extension:minPinLength: true, webauthn:extension:prf: true, webauthn:virtualAuthenticators: true}
Session ID: 30a23a56e42224d28062c533c0d09ff4
at org.testng.Assert.fail(Assert.java:111)
at Healthtest_Capstone_Project_Wipro.WestFlorida_human.myAccountAndRegister(WestFlorida_human.java:191)
at java.base/jdk.internal.reflect.DirectMethodHandleAccessor.invoke(DirectMethodHandleAccessor.java:104)
at java.base/java.lang.reflect.Method.invoke(Method.java:565)
at org.testng.internal.invokers.MethodInvocationHelper.invokeMethod(MethodInvocationHelper.java:139)
at org.testng.internal.invokers.TestInvoker.invokeMethod(TestInvoker.java:664)
at org.testng.internal.invokers.TestInvoker.invokeTestMethod(TestInvoker.java:227)
at org.testng.internal.invokers.MethodRunner.runInSequence(MethodRunner.java:50)
at org.testng.internal.invokers.TestInvoker$MethodInvocationAgent.invoke(TestInvoker.java:957)
at org.testng.internal.invokers.TestInvoker.invokeTestMethods(TestInvoker.java:200)
at org.testng.internal.invokers.TestMethodWorker.invokeTestMethods(TestMethodWorker.java:148)
at org.testng.internal.invokers.TestMethodWorker.run(TestMethodWorker.java:128)
at java.base/java.util.ArrayList.forEach(ArrayList.java:1604)
at org.testng.TestRunner.privateRun(TestRunner.java:848)
at org.testng.TestRunner.run(TestRunner.java:621)
at org.testng.SuiteRunner.runTest(SuiteRunner.java:443)
at org.testng.SuiteRunner.runSequentially(SuiteRunner.java:437)
at org.testng.SuiteRunner.privateRun(SuiteRunner.java:397)
at org.testng.SuiteRunner.run(SuiteRunner.java:336)
at org.testng.SuiteRunnerWorker.runSuite(SuiteRunnerWorker.java:52)
at org.testng.SuiteRunnerWorker.run(SuiteRunnerWorker.java:95)
at org.testng.TestNG.runSuitesSequentially(TestNG.java:1280)
at org.testng.TestNG.runSuitesLocally(TestNG.java:1200)
at org.testng.TestNG.runSuites(TestNG.java:1114)
at org.testng.TestNG.run(TestNG.java:1082)
at org.testng.remote.AbstractRemoteTestNG.run(AbstractRemoteTestNG.java:115)
at org.testng.remote.RemoteTestNG.initAndRun(RemoteTestNG.java:293)
at org.testng.remote.RemoteTestNG.main(RemoteTestNG.java:91)
]]>
            </full-stacktrace>
          </exception> <!-- java.lang.AssertionError -->
          <reporter-output>
          </reporter-output>
        </test-method> <!-- myAccountAndRegister -->
        <test-method signature="homePageNavigationTests()[pri:4, instance:Healthtest_Capstone_Project_Wipro.WestFlorida_human@223d2c72]" started-at="2025-09-08T07:03:10 IST" name="homePageNavigationTests" finished-at="2025-09-08T07:03:30 IST" duration-ms="19515" status="PASS">
          <reporter-output>
          </reporter-output>
        </test-method> <!-- homePageNavigationTests -->
        <test-method signature="tobaccoProgramTest()[pri:5, instance:Healthtest_Capstone_Project_Wipro.WestFlorida_human@223d2c72]" started-at="2025-09-08T07:03:30 IST" name="tobaccoProgramTest" finished-at="2025-09-08T07:03:35 IST" depends-on-methods="Healthtest_Capstone_Project_Wipro.WestFlorida_human.homePageNavigationTests" duration-ms="5190" status="PASS">
          <reporter-output>
          </reporter-output>
        </test-method> <!-- tobaccoProgramTest -->
        <test-method signature="ahecScholarsProgramTest()[pri:6, instance:Healthtest_Capstone_Project_Wipro.WestFlorida_human@223d2c72]" started-at="2025-09-08T07:03:35 IST" name="ahecScholarsProgramTest" finished-at="2025-09-08T07:05:27 IST" depends-on-methods="Healthtest_Capstone_Project_Wipro.WestFlorida_human.homePageNavigationTests" duration-ms="111933" status="PASS">
          <reporter-output>
          </reporter-output>
        </test-method> <!-- ahecScholarsProgramTest -->
        <test-method signature="healthyAgingProgramTest()[pri:7, instance:Healthtest_Capstone_Project_Wipro.WestFlorida_human@223d2c72]" started-at="2025-09-08T07:05:27 IST" name="healthyAgingProgramTest" finished-at="2025-09-08T07:05:37 IST" depends-on-methods="Healthtest_Capstone_Project_Wipro.WestFlorida_human.ahecScholarsProgramTest" duration-ms="10225" status="PASS">
          <reporter-output>
          </reporter-output>
        </test-method> <!-- healthyAgingProgramTest -->
        <test-method signature="coveringFloridaProgramTest()[pri:8, instance:Healthtest_Capstone_Project_Wipro.WestFlorida_human@223d2c72]" started-at="2025-09-08T07:05:37 IST" name="coveringFloridaProgramTest" finished-at="2025-09-08T07:05:51 IST" depends-on-methods="Healthtest_Capstone_Project_Wipro.WestFlorida_human.healthyAgingProgramTest" duration-ms="13729" status="PASS">
          <reporter-output>
          </reporter-output>
        </test-method> <!-- coveringFloridaProgramTest -->
        <test-method signature="communityBasedEducationTest()[pri:9, instance:Healthtest_Capstone_Project_Wipro.WestFlorida_human@223d2c72]" started-at="2025-09-08T07:05:51 IST" name="communityBasedEducationTest" finished-at="2025-09-08T07:05:55 IST" depends-on-methods="Healthtest_Capstone_Project_Wipro.WestFlorida_human.coveringFloridaProgramTest" duration-ms="4201" status="PASS">
          <reporter-output>
          </reporter-output>
        </test-method> <!-- communityBasedEducationTest -->
        <test-method signature="continuingEducationServiceTest()[pri:10, instance:Healthtest_Capstone_Project_Wipro.WestFlorida_human@223d2c72]" started-at="2025-09-08T07:05:55 IST" name="continuingEducationServiceTest" finished-at="2025-09-08T07:05:58 IST" depends-on-methods="Healthtest_Capstone_Project_Wipro.WestFlorida_human.communityBasedEducationTest" duration-ms="2991" status="PASS">
          <reporter-output>
          </reporter-output>
        </test-method> <!-- continuingEducationServiceTest -->
        <test-method is-config="true" signature="teardown()[pri:0, instance:Healthtest_Capstone_Project_Wipro.WestFlorida_human@223d2c72]" started-at="2025-09-08T07:05:58 IST" name="teardown" finished-at="2025-09-08T07:05:59 IST" duration-ms="508" status="PASS">
          <reporter-output>
          </reporter-output>
        </test-method> <!-- teardown -->
      </class> <!-- Healthtest_Capstone_Project_Wipro.WestFlorida_human -->
    </test> <!-- WestFlorida Test Execution -->
  </suite> <!-- WestFlorida_Automation_Suite -->
</testng-results>
